INFO 2021-06-22 01:15:16,193 autoreload 617 Watching for file changes with StatReloader
INFO 2021-06-22 01:15:19,505 basehttp 157 "GET / HTTP/1.1" 200 16351
INFO 2021-06-22 01:16:13,235 autoreload 240 F:\GoogleDownLoad\project\django_blog\CooperBlog\CooperBlog\urls.py changed, reloading.
INFO 2021-06-22 01:16:21,698 autoreload 617 Watching for file changes with StatReloader
INFO 2021-06-22 01:16:42,526 autoreload 240 F:\GoogleDownLoad\project\django_blog\CooperBlog\CooperBlog\urls.py changed, reloading.
INFO 2021-06-22 01:16:48,808 autoreload 617 Watching for file changes with StatReloader
INFO 2021-06-22 01:16:52,549 autoreload 240 F:\GoogleDownLoad\project\django_blog\CooperBlog\CooperBlog\urls.py changed, reloading.
INFO 2021-06-22 01:17:00,253 autoreload 617 Watching for file changes with StatReloader
INFO 2021-06-22 01:17:04,754 urls 24 info
INFO 2021-06-22 01:17:04,763 basehttp 157 "GET / HTTP/1.1" 200 10
INFO 2021-06-22 01:25:11,575 autoreload 617 Watching for file changes with StatReloader
INFO 2021-06-22 01:25:14,901 urls 24 info
INFO 2021-06-22 01:25:14,904 basehttp 157 "GET / HTTP/1.1" 200 10
INFO 2021-06-22 01:25:33,616 autoreload 240 F:\GoogleDownLoad\project\django_blog\CooperBlog\CooperBlog\urls.py changed, reloading.
INFO 2021-06-22 01:25:38,616 autoreload 617 Watching for file changes with StatReloader
INFO 2021-06-22 01:25:39,206 basehttp 157 "GET / HTTP/1.1" 200 16351
INFO 2021-06-22 01:25:48,391 basehttp 157 "GET /static/index.html HTTP/1.1" 200 12002
INFO 2021-06-22 01:25:48,473 basehttp 157 "GET /static/bootstrap/css/bootstrap.min.css HTTP/1.1" 200 140942
INFO 2021-06-22 01:25:48,477 basehttp 157 "GET /static/common/common.css HTTP/1.1" 200 381
INFO 2021-06-22 01:25:48,487 basehttp 157 "GET /static/md_css/monokai.css HTTP/1.1" 200 4118
INFO 2021-06-22 01:25:48,502 basehttp 157 "GET /static/common/jquery.pagination.css HTTP/1.1" 200 523
INFO 2021-06-22 01:25:48,522 basehttp 157 "GET /static/js/axios-0.18.0.min.js HTTP/1.1" 200 12941
INFO 2021-06-22 01:25:48,524 basehttp 157 "GET /static/js/vue-2.5.16.js HTTP/1.1" 200 289307
INFO 2021-06-22 01:25:48,546 basehttp 157 "GET /static/js/jquery-1.12.4.min.js HTTP/1.1" 200 97163
INFO 2021-06-22 01:25:48,770 basehttp 157 "GET /static/js/host.js HTTP/1.1" 200 35
INFO 2021-06-22 01:25:49,025 basehttp 157 "GET /static/js/common.js HTTP/1.1" 200 891
INFO 2021-06-22 01:25:49,046 basehttp 157 "GET /static/js/index.js HTTP/1.1" 200 530
INFO 2021-06-22 01:25:49,064 basehttp 157 "GET /static/js/jquery.pagination.min.js HTTP/1.1" 200 2935
INFO 2021-06-22 01:25:49,104 basehttp 157 "GET /static/img/1.jpg HTTP/1.1" 200 78682
INFO 2021-06-22 01:25:54,097 basehttp 157 "GET / HTTP/1.1" 200 16351
INFO 2021-06-22 01:42:34,897 autoreload 617 Watching for file changes with StatReloader
INFO 2021-06-22 01:43:21,385 basehttp 157 "GET /register HTTP/1.1" 301 0
INFO 2021-06-22 01:43:21,526 basehttp 157 "GET /register/ HTTP/1.1" 200 5217
INFO 2021-06-22 01:43:21,848 basehttp 157 "GET /static/js/register.js HTTP/1.1" 200 6407
INFO 2021-06-22 01:43:21,858 basehttp 157 "GET /static/img/image_code.png HTTP/1.1" 200 3483
ERROR 2021-06-22 01:51:44,040 log 230 Internal Server Error: /register/
Traceback (most recent call last):
  File "E:\extra app\anoconda\lib\site-packages\django\template\defaulttags.py", line 1034, in find_library
    return parser.libraries[name]
KeyError: 'staticfiles'

During handling of the above exception, another exception occurred:

Traceback (most recent call last):
  File "E:\extra app\anoconda\lib\site-packages\django\core\handlers\exception.py", line 47, in inner
    response = get_response(request)
  File "E:\extra app\anoconda\lib\site-packages\django\core\handlers\base.py", line 181, in _get_response
    response = wrapped_callback(request, *callback_args, **callback_kwargs)
  File "E:\extra app\anoconda\lib\site-packages\django\views\generic\base.py", line 70, in view
    return self.dispatch(request, *args, **kwargs)
  File "E:\extra app\anoconda\lib\site-packages\django\views\generic\base.py", line 98, in dispatch
    return handler(request, *args, **kwargs)
  File "F:\GoogleDownLoad\project\django_blog\CooperBlog\users\views.py", line 12, in get
    return render(request, 'register.html')
  File "E:\extra app\anoconda\lib\site-packages\django\shortcuts.py", line 19, in render
    content = loader.render_to_string(template_name, context, request, using=using)
  File "E:\extra app\anoconda\lib\site-packages\django\template\loader.py", line 61, in render_to_string
    template = get_template(template_name, using=using)
  File "E:\extra app\anoconda\lib\site-packages\django\template\loader.py", line 15, in get_template
    return engine.get_template(template_name)
  File "E:\extra app\anoconda\lib\site-packages\django\template\backends\django.py", line 34, in get_template
    return Template(self.engine.get_template(template_name), self)
  File "E:\extra app\anoconda\lib\site-packages\django\template\engine.py", line 143, in get_template
    template, origin = self.find_template(template_name)
  File "E:\extra app\anoconda\lib\site-packages\django\template\engine.py", line 125, in find_template
    template = loader.get_template(name, skip=skip)
  File "E:\extra app\anoconda\lib\site-packages\django\template\loaders\base.py", line 30, in get_template
    contents, origin, origin.template_name, self.engine,
  File "E:\extra app\anoconda\lib\site-packages\django\template\base.py", line 155, in __init__
    self.nodelist = self.compile_nodelist()
  File "E:\extra app\anoconda\lib\site-packages\django\template\base.py", line 193, in compile_nodelist
    return parser.parse()
  File "E:\extra app\anoconda\lib\site-packages\django\template\base.py", line 478, in parse
    raise self.error(token, e)
  File "E:\extra app\anoconda\lib\site-packages\django\template\base.py", line 476, in parse
    compiled_result = compile_func(self, token)
  File "E:\extra app\anoconda\lib\site-packages\django\template\defaulttags.py", line 1091, in load
    lib = find_library(parser, name)
  File "E:\extra app\anoconda\lib\site-packages\django\template\defaulttags.py", line 1038, in find_library
    name, "\n".join(sorted(parser.libraries)),
django.template.exceptions.TemplateSyntaxError: 'staticfiles' is not a registered tag library. Must be one of:
admin_list
admin_modify
admin_urls
cache
i18n
l10n
log
static
tz
ERROR 2021-06-22 01:51:44,049 basehttp 157 "GET /register/ HTTP/1.1" 500 157118
INFO 2021-06-22 01:52:02,796 basehttp 157 "GET /register/ HTTP/1.1" 200 5209
WARNING 2021-06-22 01:52:03,018 basehttp 157 "GET /static/js/axios-0.18.0.min.js%7D HTTP/1.1" 404 1697
INFO 2021-06-22 01:52:05,580 basehttp 157 "GET /register/ HTTP/1.1" 200 5209
WARNING 2021-06-22 01:52:05,670 basehttp 157 "GET /static/js/axios-0.18.0.min.js%7D HTTP/1.1" 404 1697
INFO 2021-06-22 01:53:22,747 basehttp 157 "GET /register/ HTTP/1.1" 200 5208
INFO 2021-06-22 02:50:52,660 autoreload 617 Watching for file changes with StatReloader
WARNING 2021-06-22 02:51:12,044 log 230 Not Found: /
WARNING 2021-06-22 02:51:12,047 basehttp 157 "GET / HTTP/1.1" 404 2273
INFO 2021-06-22 02:52:24,389 autoreload 617 Watching for file changes with StatReloader
INFO 2021-06-22 02:52:27,663 basehttp 157 "GET /imagecode?uuid=868 HTTP/1.1" 301 0
INFO 2021-06-22 02:53:13,694 basehttp 157 "GET /imagecode/?uuid=868 HTTP/1.1" 200 3209
INFO 2021-06-22 02:53:34,116 autoreload 617 Watching for file changes with StatReloader
WARNING 2021-06-22 02:53:37,523 log 230 Not Found: /
WARNING 2021-06-22 02:53:37,524 basehttp 157 "GET / HTTP/1.1" 404 2273
INFO 2021-06-22 02:54:09,341 basehttp 157 "GET /register HTTP/1.1" 301 0
INFO 2021-06-22 02:54:09,425 basehttp 157 "GET /register/ HTTP/1.1" 200 5196
INFO 2021-06-22 02:54:09,637 basehttp 157 "GET /static/js/register.js HTTP/1.1" 200 6407
WARNING 2021-06-22 02:54:09,660 log 230 Not Found: /register/image_code_url
WARNING 2021-06-22 02:54:09,661 basehttp 157 "GET /register/image_code_url HTTP/1.1" 404 2360
WARNING 2021-06-22 02:54:10,005 log 230 Not Found: /register/image_code_url
WARNING 2021-06-22 02:54:10,007 basehttp 157 "GET /register/image_code_url HTTP/1.1" 404 2360
WARNING 2021-06-22 02:54:18,410 basehttp 157 "GET /static/js/axios.min.map HTTP/1.1" 404 1674
INFO 2021-06-22 02:54:18,442 basehttp 157 "GET /static/bootstrap/css/bootstrap.min.css.map HTTP/1.1" 200 562427
INFO 2021-06-22 02:54:22,594 basehttp 157 "GET /register/ HTTP/1.1" 200 5196
WARNING 2021-06-22 02:54:22,764 log 230 Not Found: /register/image_code_url
WARNING 2021-06-22 02:54:22,765 basehttp 157 "GET /register/image_code_url HTTP/1.1" 404 2360
WARNING 2021-06-22 02:54:23,018 basehttp 157 "GET /static/js/axios.min.map HTTP/1.1" 404 1674
INFO 2021-06-22 02:54:23,132 basehttp 157 "GET /static/bootstrap/css/bootstrap.min.css.map HTTP/1.1" 200 562427
INFO 2021-06-22 02:55:22,678 basehttp 157 "GET /register/ HTTP/1.1" 200 5197
INFO 2021-06-22 02:55:23,077 basehttp 157 "GET /imagecode/?uuid=352b5f00-d4e5-4815-b6e1-5d7962378b44 HTTP/1.1" 200 3162
WARNING 2021-06-22 02:55:23,265 basehttp 157 "GET /static/js/axios.min.map HTTP/1.1" 404 1674
INFO 2021-06-22 02:55:23,277 basehttp 157 "GET /static/bootstrap/css/bootstrap.min.css.map HTTP/1.1" 200 562427
INFO 2021-06-22 02:55:28,176 basehttp 157 "GET /imagecode/?uuid=bbdd7b20-79cf-4f84-ae63-6d7f4514baac HTTP/1.1" 200 2814
INFO 2021-06-22 15:25:24,908 autoreload 617 Watching for file changes with StatReloader
WARNING 2021-06-22 15:25:34,207 log 230 Not Found: /
WARNING 2021-06-22 15:25:34,210 basehttp 157 "GET / HTTP/1.1" 404 2444
WARNING 2021-06-22 15:25:35,331 log 230 Not Found: /favicon.ico
WARNING 2021-06-22 15:25:35,334 basehttp 157 "GET /favicon.ico HTTP/1.1" 404 2495
INFO 2021-06-22 15:25:44,326 basehttp 157 "GET /smscode HTTP/1.1" 301 0
INFO 2021-06-22 15:26:21,215 autoreload 617 Watching for file changes with StatReloader
WARNING 2021-06-22 15:26:23,872 log 230 Not Found: /
WARNING 2021-06-22 15:26:23,874 basehttp 157 "GET / HTTP/1.1" 404 2444
INFO 2021-06-22 15:26:31,695 basehttp 157 "GET /register/ HTTP/1.1" 200 5197
INFO 2021-06-22 15:26:33,554 basehttp 157 "GET /imagecode/?uuid=1ab58177-e37c-4714-b02d-424373bcf9f1 HTTP/1.1" 200 3287
INFO 2021-06-22 15:26:56,547 basehttp 157 "GET /imagecode/?uuid=25cbf6c8-a453-49ec-8760-018e1ed323cb HTTP/1.1" 200 3349
INFO 2021-06-22 15:27:36,072 basehttp 157 "GET /smscode/?mobile=13138745825&image_code=ectg&uuid=25cbf6c8-a453-49ec-8760-018e1ed323cb HTTP/1.1" 200 84
INFO 2021-06-22 15:27:36,111 basehttp 157 "GET /imagecode/?uuid=c30f303c-4c93-4a53-b870-24ae943d1cbc HTTP/1.1" 200 3388
INFO 2021-06-22 15:27:45,007 basehttp 157 "GET /register/ HTTP/1.1" 200 5197
INFO 2021-06-22 15:27:45,255 basehttp 157 "GET /imagecode/?uuid=1c7f80eb-684d-42bc-8983-b929d94ebf4f HTTP/1.1" 200 3287
INFO 2021-06-22 15:28:21,749 views 78 874879
INFO 2021-06-22 16:25:55,108 autoreload 617 Watching for file changes with StatReloader
INFO 2021-06-22 16:26:00,616 basehttp 157 "GET / HTTP/1.1" 200 11962
INFO 2021-06-22 16:26:00,754 basehttp 157 "GET /static/common/common.css HTTP/1.1" 200 381
INFO 2021-06-22 16:26:00,775 basehttp 157 "GET /static/md_css/monokai.css HTTP/1.1" 200 4118
INFO 2021-06-22 16:26:00,790 basehttp 157 "GET /static/common/jquery.pagination.css HTTP/1.1" 200 523
INFO 2021-06-22 16:26:00,823 basehttp 157 "GET /static/js/jquery-1.12.4.min.js HTTP/1.1" 200 97163
INFO 2021-06-22 16:26:00,887 basehttp 157 "GET /static/js/index.js HTTP/1.1" 200 530
INFO 2021-06-22 16:26:00,917 basehttp 157 "GET /static/js/jquery.pagination.min.js HTTP/1.1" 200 2935
INFO 2021-06-22 16:26:01,101 basehttp 157 "GET /static/img/1.jpg HTTP/1.1" 200 78682
WARNING 2021-06-22 16:26:10,779 base 103 Method Not Allowed (GET): /register/
WARNING 2021-06-22 16:26:10,784 log 230 Method Not Allowed: /register/
WARNING 2021-06-22 16:26:10,785 basehttp 157 "GET /register/ HTTP/1.1" 405 0
WARNING 2021-06-22 16:26:29,831 base 103 Method Not Allowed (GET): /register/
WARNING 2021-06-22 16:26:29,833 log 230 Method Not Allowed: /register/
WARNING 2021-06-22 16:26:29,835 basehttp 157 "GET /register/ HTTP/1.1" 405 0
WARNING 2021-06-22 16:26:55,707 base 103 Method Not Allowed (GET): /register/
WARNING 2021-06-22 16:26:55,709 log 230 Method Not Allowed: /register/
WARNING 2021-06-22 16:26:55,710 basehttp 157 "GET /register/ HTTP/1.1" 405 0
WARNING 2021-06-22 16:27:32,324 base 103 Method Not Allowed (GET): /register/
WARNING 2021-06-22 16:27:32,324 log 230 Method Not Allowed: /register/
WARNING 2021-06-22 16:27:32,328 basehttp 157 "GET /register/ HTTP/1.1" 405 0
WARNING 2021-06-22 16:27:39,633 base 103 Method Not Allowed (GET): /register/
WARNING 2021-06-22 16:27:39,634 log 230 Method Not Allowed: /register/
WARNING 2021-06-22 16:27:39,636 basehttp 157 "GET /register/ HTTP/1.1" 405 0
WARNING 2021-06-22 16:29:06,624 base 103 Method Not Allowed (GET): /register/
WARNING 2021-06-22 16:29:06,625 log 230 Method Not Allowed: /register/
WARNING 2021-06-22 16:29:06,627 basehttp 157 "GET /register/ HTTP/1.1" 405 0
INFO 2021-06-22 16:29:22,709 autoreload 617 Watching for file changes with StatReloader
INFO 2021-06-22 16:29:25,567 basehttp 157 "GET / HTTP/1.1" 200 11962
WARNING 2021-06-22 16:29:32,210 base 103 Method Not Allowed (GET): /register/
WARNING 2021-06-22 16:29:32,211 log 230 Method Not Allowed: /register/
WARNING 2021-06-22 16:29:32,211 basehttp 157 "GET /register/ HTTP/1.1" 405 0
INFO 2021-06-22 16:30:26,028 autoreload 240 F:\GoogleDownLoad\project\django_blog\CooperBlog\users\views.py changed, reloading.
INFO 2021-06-22 16:30:31,355 autoreload 617 Watching for file changes with StatReloader
WARNING 2021-06-22 16:30:31,868 base 103 Method Not Allowed (GET): /register/
WARNING 2021-06-22 16:30:31,871 log 230 Method Not Allowed: /register/
WARNING 2021-06-22 16:30:31,873 basehttp 157 "GET /register/ HTTP/1.1" 405 0
INFO 2021-06-22 16:30:48,226 autoreload 240 F:\GoogleDownLoad\project\django_blog\CooperBlog\users\views.py changed, reloading.
INFO 2021-06-22 16:30:52,073 autoreload 617 Watching for file changes with StatReloader
INFO 2021-06-22 16:31:24,364 autoreload 617 Watching for file changes with StatReloader
INFO 2021-06-22 16:31:26,589 basehttp 157 "GET / HTTP/1.1" 200 11962
WARNING 2021-06-22 16:31:31,471 base 103 Method Not Allowed (GET): /register/
WARNING 2021-06-22 16:31:31,472 log 230 Method Not Allowed: /register/
WARNING 2021-06-22 16:31:31,473 basehttp 157 "GET /register/ HTTP/1.1" 405 0
INFO 2021-06-22 16:34:00,990 autoreload 617 Watching for file changes with StatReloader
ERROR 2021-06-22 16:34:04,338 log 230 Internal Server Error: /
Traceback (most recent call last):
  File "E:\extra app\anoconda\lib\site-packages\django\core\handlers\exception.py", line 47, in inner
    response = get_response(request)
  File "E:\extra app\anoconda\lib\site-packages\django\core\handlers\base.py", line 181, in _get_response
    response = wrapped_callback(request, *callback_args, **callback_kwargs)
  File "E:\extra app\anoconda\lib\site-packages\django\views\generic\base.py", line 70, in view
    return self.dispatch(request, *args, **kwargs)
  File "E:\extra app\anoconda\lib\site-packages\django\views\generic\base.py", line 98, in dispatch
    return handler(request, *args, **kwargs)
  File "F:\GoogleDownLoad\project\django_blog\CooperBlog\home\views.py", line 10, in get
    return render(request, 'index.html')
  File "E:\extra app\anoconda\lib\site-packages\django\shortcuts.py", line 19, in render
    content = loader.render_to_string(template_name, context, request, using=using)
  File "E:\extra app\anoconda\lib\site-packages\django\template\loader.py", line 61, in render_to_string
    template = get_template(template_name, using=using)
  File "E:\extra app\anoconda\lib\site-packages\django\template\loader.py", line 19, in get_template
    raise TemplateDoesNotExist(template_name, chain=chain)
django.template.exceptions.TemplateDoesNotExist: index.html
ERROR 2021-06-22 16:34:04,353 basehttp 157 "GET / HTTP/1.1" 500 92944
WARNING 2021-06-22 16:34:09,770 base 103 Method Not Allowed (GET): /register/
WARNING 2021-06-22 16:34:09,771 log 230 Method Not Allowed: /register/
WARNING 2021-06-22 16:34:09,773 basehttp 157 "GET /register/ HTTP/1.1" 405 0
WARNING 2021-06-22 16:35:56,020 base 103 Method Not Allowed (GET): /register/
WARNING 2021-06-22 16:35:56,021 log 230 Method Not Allowed: /register/
WARNING 2021-06-22 16:35:56,022 basehttp 157 "GET /register/ HTTP/1.1" 405 0
INFO 2021-06-22 16:36:36,923 basehttp 157 "GET / HTTP/1.1" 200 11962
WARNING 2021-06-22 16:36:58,653 base 103 Method Not Allowed (GET): /register/
WARNING 2021-06-22 16:36:58,654 log 230 Method Not Allowed: /register/
WARNING 2021-06-22 16:36:58,655 basehttp 157 "GET /register/ HTTP/1.1" 405 0
INFO 2021-06-22 16:38:05,457 autoreload 240 F:\GoogleDownLoad\project\django_blog\CooperBlog\users\views.py changed, reloading.
INFO 2021-06-22 16:38:10,131 autoreload 617 Watching for file changes with StatReloader
WARNING 2021-06-22 16:38:15,910 base 103 Method Not Allowed (GET): /register/
WARNING 2021-06-22 16:38:15,911 log 230 Method Not Allowed: /register/
WARNING 2021-06-22 16:38:15,912 basehttp 157 "GET /register/ HTTP/1.1" 405 0
INFO 2021-06-22 16:41:51,432 autoreload 617 Watching for file changes with StatReloader
INFO 2021-06-22 16:41:54,111 basehttp 157 "GET / HTTP/1.1" 200 11962
WARNING 2021-06-22 16:41:58,440 base 103 Method Not Allowed (GET): /register/
WARNING 2021-06-22 16:41:58,441 log 230 Method Not Allowed: /register/
WARNING 2021-06-22 16:41:58,442 basehttp 157 "GET /register/ HTTP/1.1" 405 0
WARNING 2021-06-22 16:42:04,982 base 103 Method Not Allowed (GET): /register/
WARNING 2021-06-22 16:42:04,983 log 230 Method Not Allowed: /register/
WARNING 2021-06-22 16:42:04,984 basehttp 157 "GET /register/ HTTP/1.1" 405 0
INFO 2021-06-22 16:42:46,202 autoreload 617 Watching for file changes with StatReloader
WARNING 2021-06-22 16:42:49,687 base 103 Method Not Allowed (GET): /register/
WARNING 2021-06-22 16:42:49,688 log 230 Method Not Allowed: /register/
WARNING 2021-06-22 16:42:49,689 basehttp 157 "GET /register/ HTTP/1.1" 405 0
WARNING 2021-06-22 16:44:00,792 base 103 Method Not Allowed (GET): /register/
WARNING 2021-06-22 16:44:00,792 log 230 Method Not Allowed: /register/
WARNING 2021-06-22 16:44:00,793 basehttp 157 "GET /register/ HTTP/1.1" 405 0
INFO 2021-06-22 16:44:04,801 basehttp 157 "GET / HTTP/1.1" 200 11962
WARNING 2021-06-22 16:44:08,232 base 103 Method Not Allowed (GET): /register/
WARNING 2021-06-22 16:44:08,232 log 230 Method Not Allowed: /register/
WARNING 2021-06-22 16:44:08,233 basehttp 157 "GET /register/ HTTP/1.1" 405 0
WARNING 2021-06-22 16:44:22,163 base 103 Method Not Allowed (GET): /register/
WARNING 2021-06-22 16:44:22,163 log 230 Method Not Allowed: /register/
WARNING 2021-06-22 16:44:22,164 basehttp 157 "GET /register/ HTTP/1.1" 405 0
WARNING 2021-06-22 16:46:25,989 base 103 Method Not Allowed (GET): /register/
WARNING 2021-06-22 16:46:25,990 log 230 Method Not Allowed: /register/
WARNING 2021-06-22 16:46:25,991 basehttp 157 "GET /register/ HTTP/1.1" 405 0
INFO 2021-06-22 16:48:04,462 autoreload 617 Watching for file changes with StatReloader
WARNING 2021-06-22 16:48:17,584 base 103 Method Not Allowed (GET): /register/
WARNING 2021-06-22 16:48:17,585 log 230 Method Not Allowed: /register/
WARNING 2021-06-22 16:48:17,587 basehttp 157 "GET /register/ HTTP/1.1" 405 0
INFO 2021-06-22 16:51:12,112 autoreload 240 F:\GoogleDownLoad\project\django_blog\CooperBlog\users\views.py changed, reloading.
INFO 2021-06-22 16:51:16,309 autoreload 617 Watching for file changes with StatReloader
WARNING 2021-06-22 16:51:19,243 base 103 Method Not Allowed (GET): /register/
WARNING 2021-06-22 16:51:19,244 log 230 Method Not Allowed: /register/
WARNING 2021-06-22 16:51:19,246 basehttp 157 "GET /register/ HTTP/1.1" 405 0
INFO 2021-06-22 16:56:31,178 autoreload 240 F:\GoogleDownLoad\project\django_blog\CooperBlog\home\urls.py changed, reloading.
INFO 2021-06-22 16:56:35,110 autoreload 617 Watching for file changes with StatReloader
INFO 2021-06-22 16:57:13,421 autoreload 617 Watching for file changes with StatReloader
INFO 2021-06-22 16:58:48,242 autoreload 240 F:\GoogleDownLoad\project\django_blog\CooperBlog\home\models.py changed, reloading.
INFO 2021-06-22 16:58:51,414 autoreload 617 Watching for file changes with StatReloader
INFO 2021-06-22 17:00:19,256 autoreload 617 Watching for file changes with StatReloader
INFO 2021-06-22 17:00:29,838 autoreload 240 F:\GoogleDownLoad\project\django_blog\CooperBlog\users\urls.py changed, reloading.
INFO 2021-06-22 17:00:34,566 autoreload 617 Watching for file changes with StatReloader
INFO 2021-06-22 17:00:47,903 autoreload 617 Watching for file changes with StatReloader
ERROR 2021-06-22 17:00:51,328 log 230 Internal Server Error: /
Traceback (most recent call last):
  File "E:\extra app\anoconda\lib\site-packages\django\core\handlers\exception.py", line 47, in inner
    response = get_response(request)
  File "E:\extra app\anoconda\lib\site-packages\django\core\handlers\base.py", line 181, in _get_response
    response = wrapped_callback(request, *callback_args, **callback_kwargs)
  File "E:\extra app\anoconda\lib\site-packages\django\views\generic\base.py", line 70, in view
    return self.dispatch(request, *args, **kwargs)
  File "E:\extra app\anoconda\lib\site-packages\django\views\generic\base.py", line 98, in dispatch
    return handler(request, *args, **kwargs)
  File "F:\GoogleDownLoad\project\django_blog\CooperBlog\home\views.py", line 10, in get
    return render(request, 'index.html')
  File "E:\extra app\anoconda\lib\site-packages\django\shortcuts.py", line 19, in render
    content = loader.render_to_string(template_name, context, request, using=using)
  File "E:\extra app\anoconda\lib\site-packages\django\template\loader.py", line 62, in render_to_string
    return template.render(context, request)
  File "E:\extra app\anoconda\lib\site-packages\django\template\backends\django.py", line 61, in render
    return self.template.render(context)
  File "E:\extra app\anoconda\lib\site-packages\django\template\base.py", line 170, in render
    return self._render(context)
  File "E:\extra app\anoconda\lib\site-packages\django\template\base.py", line 162, in _render
    return self.nodelist.render(context)
  File "E:\extra app\anoconda\lib\site-packages\django\template\base.py", line 938, in render
    bit = node.render_annotated(context)
  File "E:\extra app\anoconda\lib\site-packages\django\template\base.py", line 905, in render_annotated
    return self.render(context)
  File "E:\extra app\anoconda\lib\site-packages\django\template\defaulttags.py", line 446, in render
    url = reverse(view_name, args=args, kwargs=kwargs, current_app=current_app)
  File "E:\extra app\anoconda\lib\site-packages\django\urls\base.py", line 87, in reverse
    return iri_to_uri(resolver._reverse_with_prefix(view, prefix, *args, **kwargs))
  File "E:\extra app\anoconda\lib\site-packages\django\urls\resolvers.py", line 685, in _reverse_with_prefix
    raise NoReverseMatch(msg)
django.urls.exceptions.NoReverseMatch: Reverse for 'writeblog' not found. 'writeblog' is not a valid view function or pattern name.
ERROR 2021-06-22 17:00:51,384 basehttp 157 "GET / HTTP/1.1" 500 137419
INFO 2021-06-22 17:01:27,328 basehttp 157 "GET /register/ HTTP/1.1" 200 5319
INFO 2021-06-22 17:01:29,585 basehttp 157 "GET /imagecode/?uuid=6cfab35d-af6b-4516-b2e1-f77e834fe692 HTTP/1.1" 200 3086
INFO 2021-06-22 17:01:35,872 basehttp 157 "GET /imagecode/?uuid=696e80a1-d787-4f61-9e06-224765edeeb9 HTTP/1.1" 200 3523
INFO 2021-06-22 17:01:36,408 basehttp 157 "GET /imagecode/?uuid=37cf97c7-83a5-4ad5-9814-a6e4c2b093ff HTTP/1.1" 200 3095
INFO 2021-06-22 17:08:41,075 autoreload 617 Watching for file changes with StatReloader
ERROR 2021-06-22 17:08:43,509 log 230 Internal Server Error: /
Traceback (most recent call last):
  File "E:\extra app\anoconda\lib\site-packages\django\core\handlers\exception.py", line 47, in inner
    response = get_response(request)
  File "E:\extra app\anoconda\lib\site-packages\django\core\handlers\base.py", line 181, in _get_response
    response = wrapped_callback(request, *callback_args, **callback_kwargs)
  File "E:\extra app\anoconda\lib\site-packages\django\views\generic\base.py", line 70, in view
    return self.dispatch(request, *args, **kwargs)
  File "E:\extra app\anoconda\lib\site-packages\django\views\generic\base.py", line 98, in dispatch
    return handler(request, *args, **kwargs)
  File "F:\GoogleDownLoad\project\django_blog\CooperBlog\home\views.py", line 10, in get
    return render(request, 'index.html')
  File "E:\extra app\anoconda\lib\site-packages\django\shortcuts.py", line 19, in render
    content = loader.render_to_string(template_name, context, request, using=using)
  File "E:\extra app\anoconda\lib\site-packages\django\template\loader.py", line 62, in render_to_string
    return template.render(context, request)
  File "E:\extra app\anoconda\lib\site-packages\django\template\backends\django.py", line 61, in render
    return self.template.render(context)
  File "E:\extra app\anoconda\lib\site-packages\django\template\base.py", line 170, in render
    return self._render(context)
  File "E:\extra app\anoconda\lib\site-packages\django\template\base.py", line 162, in _render
    return self.nodelist.render(context)
  File "E:\extra app\anoconda\lib\site-packages\django\template\base.py", line 938, in render
    bit = node.render_annotated(context)
  File "E:\extra app\anoconda\lib\site-packages\django\template\base.py", line 905, in render_annotated
    return self.render(context)
  File "E:\extra app\anoconda\lib\site-packages\django\template\defaulttags.py", line 446, in render
    url = reverse(view_name, args=args, kwargs=kwargs, current_app=current_app)
  File "E:\extra app\anoconda\lib\site-packages\django\urls\base.py", line 87, in reverse
    return iri_to_uri(resolver._reverse_with_prefix(view, prefix, *args, **kwargs))
  File "E:\extra app\anoconda\lib\site-packages\django\urls\resolvers.py", line 685, in _reverse_with_prefix
    raise NoReverseMatch(msg)
django.urls.exceptions.NoReverseMatch: Reverse for 'writeblog' not found. 'writeblog' is not a valid view function or pattern name.
ERROR 2021-06-22 17:08:43,522 basehttp 157 "GET / HTTP/1.1" 500 137419
INFO 2021-06-22 17:11:01,101 autoreload 617 Watching for file changes with StatReloader
INFO 2021-06-22 17:11:03,739 basehttp 157 "GET / HTTP/1.1" 200 11726
WARNING 2021-06-22 17:11:03,873 log 230 Not Found: /md_css/monokai.css
WARNING 2021-06-22 17:11:03,875 log 230 Not Found: /bootstrap/css/bootstrap.min.css
WARNING 2021-06-22 17:11:03,877 basehttp 157 "GET /md_css/monokai.css HTTP/1.1" 404 3198
WARNING 2021-06-22 17:11:03,878 basehttp 157 "GET /bootstrap/css/bootstrap.min.css HTTP/1.1" 404 3237
WARNING 2021-06-22 17:11:03,901 log 230 Not Found: /js/jquery-1.12.4.min.js
WARNING 2021-06-22 17:11:03,908 basehttp 157 "GET /js/jquery-1.12.4.min.js HTTP/1.1" 404 3213
WARNING 2021-06-22 17:11:03,914 log 230 Not Found: /common/common.css
WARNING 2021-06-22 17:11:03,916 basehttp 157 "GET /common/common.css HTTP/1.1" 404 3195
WARNING 2021-06-22 17:11:03,941 log 230 Not Found: /common/jquery.pagination.css
WARNING 2021-06-22 17:11:03,943 basehttp 157 "GET /common/jquery.pagination.css HTTP/1.1" 404 3228
WARNING 2021-06-22 17:11:03,974 log 230 Not Found: /js/vue-2.5.16.js
WARNING 2021-06-22 17:11:03,976 basehttp 157 "GET /js/vue-2.5.16.js HTTP/1.1" 404 3192
WARNING 2021-06-22 17:11:04,004 log 230 Not Found: /js/host.js
WARNING 2021-06-22 17:11:04,007 log 230 Not Found: /js/axios-0.18.0.min.js
WARNING 2021-06-22 17:11:04,008 basehttp 157 "GET /js/host.js HTTP/1.1" 404 3174
WARNING 2021-06-22 17:11:04,009 basehttp 157 "GET /js/axios-0.18.0.min.js HTTP/1.1" 404 3210
WARNING 2021-06-22 17:11:04,042 log 230 Not Found: /js/common.js
WARNING 2021-06-22 17:11:04,052 basehttp 157 "GET /js/common.js HTTP/1.1" 404 3180
WARNING 2021-06-22 17:11:04,058 log 230 Not Found: /js/jquery-1.12.4.min.js
WARNING 2021-06-22 17:11:04,059 basehttp 157 "GET /js/jquery-1.12.4.min.js HTTP/1.1" 404 3213
WARNING 2021-06-22 17:11:04,067 log 230 Not Found: /js/index.js
WARNING 2021-06-22 17:11:04,069 basehttp 157 "GET /js/index.js HTTP/1.1" 404 3177
WARNING 2021-06-22 17:11:04,088 log 230 Not Found: /js/jquery.pagination.min.js
WARNING 2021-06-22 17:11:04,089 basehttp 157 "GET /js/jquery.pagination.min.js HTTP/1.1" 404 3225
WARNING 2021-06-22 17:11:04,105 log 230 Not Found: /img/1.jpg
WARNING 2021-06-22 17:11:04,106 basehttp 157 "GET /img/1.jpg HTTP/1.1" 404 3171
WARNING 2021-06-22 17:11:04,334 log 230 Not Found: /js/host.js
WARNING 2021-06-22 17:11:04,335 basehttp 157 "GET /js/host.js HTTP/1.1" 404 3174
WARNING 2021-06-22 17:11:04,372 log 230 Not Found: /js/common.js
WARNING 2021-06-22 17:11:04,373 basehttp 157 "GET /js/common.js HTTP/1.1" 404 3180
WARNING 2021-06-22 17:11:04,394 log 230 Not Found: /js/index.js
WARNING 2021-06-22 17:11:04,395 basehttp 157 "GET /js/index.js HTTP/1.1" 404 3177
WARNING 2021-06-22 17:11:04,419 log 230 Not Found: /js/jquery.pagination.min.js
WARNING 2021-06-22 17:11:04,420 basehttp 157 "GET /js/jquery.pagination.min.js HTTP/1.1" 404 3225
INFO 2021-06-22 17:11:06,217 basehttp 157 "GET / HTTP/1.1" 200 11726
WARNING 2021-06-22 17:11:06,343 log 230 Not Found: /js/vue-2.5.16.js
WARNING 2021-06-22 17:11:06,350 log 230 Not Found: /common/common.css
WARNING 2021-06-22 17:11:06,352 basehttp 157 "GET /js/vue-2.5.16.js HTTP/1.1" 404 3192
WARNING 2021-06-22 17:11:06,352 basehttp 157 "GET /common/common.css HTTP/1.1" 404 3195
WARNING 2021-06-22 17:11:06,356 log 230 Not Found: /common/jquery.pagination.css
WARNING 2021-06-22 17:11:06,357 basehttp 157 "GET /common/jquery.pagination.css HTTP/1.1" 404 3228
WARNING 2021-06-22 17:11:06,373 log 230 Not Found: /md_css/monokai.css
WARNING 2021-06-22 17:11:06,375 basehttp 157 "GET /md_css/monokai.css HTTP/1.1" 404 3198
WARNING 2021-06-22 17:11:06,389 log 230 Not Found: /js/axios-0.18.0.min.js
WARNING 2021-06-22 17:11:06,393 log 230 Not Found: /bootstrap/css/bootstrap.min.css
WARNING 2021-06-22 17:11:06,394 basehttp 157 "GET /js/axios-0.18.0.min.js HTTP/1.1" 404 3210
WARNING 2021-06-22 17:11:06,402 log 230 Not Found: /js/jquery-1.12.4.min.js
WARNING 2021-06-22 17:11:06,404 basehttp 157 "GET /bootstrap/css/bootstrap.min.css HTTP/1.1" 404 3237
WARNING 2021-06-22 17:11:06,404 basehttp 157 "GET /js/jquery-1.12.4.min.js HTTP/1.1" 404 3213
WARNING 2021-06-22 17:11:06,445 log 230 Not Found: /js/host.js
WARNING 2021-06-22 17:11:06,452 basehttp 157 "GET /js/host.js HTTP/1.1" 404 3174
WARNING 2021-06-22 17:11:06,454 log 230 Not Found: /js/common.js
WARNING 2021-06-22 17:11:06,456 basehttp 157 "GET /js/common.js HTTP/1.1" 404 3180
WARNING 2021-06-22 17:11:06,463 log 230 Not Found: /js/axios-0.18.0.min.js
WARNING 2021-06-22 17:11:06,467 basehttp 157 "GET /js/axios-0.18.0.min.js HTTP/1.1" 404 3210
WARNING 2021-06-22 17:11:06,488 log 230 Not Found: /js/index.js
WARNING 2021-06-22 17:11:06,495 basehttp 157 "GET /js/index.js HTTP/1.1" 404 3177
WARNING 2021-06-22 17:11:06,504 log 230 Not Found: /js/jquery-1.12.4.min.js
WARNING 2021-06-22 17:11:06,509 basehttp 157 "GET /js/jquery-1.12.4.min.js HTTP/1.1" 404 3213
WARNING 2021-06-22 17:11:06,517 log 230 Not Found: /js/jquery.pagination.min.js
WARNING 2021-06-22 17:11:06,519 basehttp 157 "GET /js/jquery.pagination.min.js HTTP/1.1" 404 3225
WARNING 2021-06-22 17:11:06,551 log 230 Not Found: /img/1.jpg
WARNING 2021-06-22 17:11:06,553 basehttp 157 "GET /img/1.jpg HTTP/1.1" 404 3171
WARNING 2021-06-22 17:11:06,577 log 230 Not Found: /js/host.js
WARNING 2021-06-22 17:11:06,578 basehttp 157 "GET /js/host.js HTTP/1.1" 404 3174
WARNING 2021-06-22 17:11:06,606 log 230 Not Found: /js/common.js
WARNING 2021-06-22 17:11:06,607 basehttp 157 "GET /js/common.js HTTP/1.1" 404 3180
WARNING 2021-06-22 17:11:06,630 log 230 Not Found: /js/index.js
WARNING 2021-06-22 17:11:06,634 basehttp 157 "GET /js/index.js HTTP/1.1" 404 3177
WARNING 2021-06-22 17:11:06,661 log 230 Not Found: /js/jquery.pagination.min.js
WARNING 2021-06-22 17:11:06,662 basehttp 157 "GET /js/jquery.pagination.min.js HTTP/1.1" 404 3225
INFO 2021-06-22 17:13:02,165 autoreload 617 Watching for file changes with StatReloader
ERROR 2021-06-22 17:13:12,238 log 230 Internal Server Error: /
Traceback (most recent call last):
  File "E:\extra app\anoconda\lib\site-packages\django\template\defaulttags.py", line 1034, in find_library
    return parser.libraries[name]
KeyError: 'staticfiles'

During handling of the above exception, another exception occurred:

Traceback (most recent call last):
  File "E:\extra app\anoconda\lib\site-packages\django\core\handlers\exception.py", line 47, in inner
    response = get_response(request)
  File "E:\extra app\anoconda\lib\site-packages\django\core\handlers\base.py", line 181, in _get_response
    response = wrapped_callback(request, *callback_args, **callback_kwargs)
  File "E:\extra app\anoconda\lib\site-packages\django\views\generic\base.py", line 70, in view
    return self.dispatch(request, *args, **kwargs)
  File "E:\extra app\anoconda\lib\site-packages\django\views\generic\base.py", line 98, in dispatch
    return handler(request, *args, **kwargs)
  File "F:\GoogleDownLoad\project\django_blog\CooperBlog\home\views.py", line 10, in get
    return render(request, 'index.html')
  File "E:\extra app\anoconda\lib\site-packages\django\shortcuts.py", line 19, in render
    content = loader.render_to_string(template_name, context, request, using=using)
  File "E:\extra app\anoconda\lib\site-packages\django\template\loader.py", line 61, in render_to_string
    template = get_template(template_name, using=using)
  File "E:\extra app\anoconda\lib\site-packages\django\template\loader.py", line 15, in get_template
    return engine.get_template(template_name)
  File "E:\extra app\anoconda\lib\site-packages\django\template\backends\django.py", line 34, in get_template
    return Template(self.engine.get_template(template_name), self)
  File "E:\extra app\anoconda\lib\site-packages\django\template\engine.py", line 143, in get_template
    template, origin = self.find_template(template_name)
  File "E:\extra app\anoconda\lib\site-packages\django\template\engine.py", line 125, in find_template
    template = loader.get_template(name, skip=skip)
  File "E:\extra app\anoconda\lib\site-packages\django\template\loaders\base.py", line 30, in get_template
    contents, origin, origin.template_name, self.engine,
  File "E:\extra app\anoconda\lib\site-packages\django\template\base.py", line 155, in __init__
    self.nodelist = self.compile_nodelist()
  File "E:\extra app\anoconda\lib\site-packages\django\template\base.py", line 193, in compile_nodelist
    return parser.parse()
  File "E:\extra app\anoconda\lib\site-packages\django\template\base.py", line 478, in parse
    raise self.error(token, e)
  File "E:\extra app\anoconda\lib\site-packages\django\template\base.py", line 476, in parse
    compiled_result = compile_func(self, token)
  File "E:\extra app\anoconda\lib\site-packages\django\template\defaulttags.py", line 1091, in load
    lib = find_library(parser, name)
  File "E:\extra app\anoconda\lib\site-packages\django\template\defaulttags.py", line 1038, in find_library
    name, "\n".join(sorted(parser.libraries)),
django.template.exceptions.TemplateSyntaxError: 'staticfiles' is not a registered tag library. Must be one of:
admin_list
admin_modify
admin_urls
cache
i18n
l10n
log
static
tz
ERROR 2021-06-22 17:13:12,253 basehttp 157 "GET / HTTP/1.1" 500 160959
INFO 2021-06-22 17:13:28,049 basehttp 157 "GET / HTTP/1.1" 200 3638
INFO 2021-06-22 17:13:54,651 basehttp 157 "GET / HTTP/1.1" 200 3638
INFO 2021-06-22 17:14:19,775 basehttp 157 "GET /register/ HTTP/1.1" 200 5319
INFO 2021-06-22 17:14:21,514 basehttp 157 "GET /imagecode/?uuid=1b0bbce9-7083-4d7c-b903-a5c1b8bd145b HTTP/1.1" 200 3162
INFO 2021-06-22 17:15:01,119 views 173 688106
INFO 2021-06-22 17:15:01,663 basehttp 157 "GET /smscode/?mobile=13138745825&image_code=kkco&uuid=1b0bbce9-7083-4d7c-b903-a5c1b8bd145b HTTP/1.1" 200 63
ERROR 2021-06-22 17:15:12,585 views 67 (1146, "Table 'django_mysql.tb_users' doesn't exist")
WARNING 2021-06-22 17:15:12,585 log 230 Bad Request: /register/
WARNING 2021-06-22 17:15:12,586 basehttp 157 "POST /register/ HTTP/1.1" 400 12
INFO 2021-06-22 17:16:24,070 basehttp 157 "GET /register/ HTTP/1.1" 200 5319
INFO 2021-06-22 17:16:24,223 basehttp 157 "GET /imagecode/?uuid=7b857048-d185-49b1-a2a4-c104285ef223 HTTP/1.1" 200 2887
INFO 2021-06-22 17:16:46,523 views 173 949351
INFO 2021-06-22 17:16:47,020 basehttp 157 "GET /smscode/?mobile=13380802698&image_code=lfls&uuid=7b857048-d185-49b1-a2a4-c104285ef223 HTTP/1.1" 200 63
ERROR 2021-06-22 17:17:01,175 views 67 (1146, "Table 'django_mysql.tb_users' doesn't exist")
WARNING 2021-06-22 17:17:01,176 log 230 Bad Request: /register/
WARNING 2021-06-22 17:17:01,177 basehttp 157 "POST /register/ HTTP/1.1" 400 12
INFO 2021-06-22 17:21:13,332 autoreload 240 F:\GoogleDownLoad\project\django_blog\CooperBlog\users\models.py changed, reloading.
INFO 2021-06-22 17:21:16,811 autoreload 617 Watching for file changes with StatReloader
INFO 2021-06-22 17:21:17,469 basehttp 157 "GET /register/ HTTP/1.1" 200 5319
INFO 2021-06-22 17:21:18,235 basehttp 157 "GET /imagecode/?uuid=c239ba36-8a71-4f7e-97c5-44772b6a2e42 HTTP/1.1" 200 3298
INFO 2021-06-22 17:21:32,575 basehttp 157 "GET /imagecode/?uuid=8ae22e1d-b5fa-4d16-ac74-ad12ea2f5dc1 HTTP/1.1" 200 3365
INFO 2021-06-22 17:21:40,045 basehttp 157 "GET /imagecode/?uuid=74a508bd-2620-40d4-a047-b387160a0fd0 HTTP/1.1" 200 2876
INFO 2021-06-22 17:21:42,671 basehttp 157 "GET /imagecode/?uuid=3b55d562-db2b-4ffc-bc26-d9cb9da69eb5 HTTP/1.1" 200 2997
INFO 2021-06-22 17:21:43,604 basehttp 157 "GET /imagecode/?uuid=01b000f7-d3ef-49dd-b9fe-2fe1ad86c125 HTTP/1.1" 200 3413
INFO 2021-06-22 17:21:50,623 views 173 235180
INFO 2021-06-22 17:21:51,065 basehttp 157 "GET /smscode/?mobile=13380802698&image_code=wau5&uuid=01b000f7-d3ef-49dd-b9fe-2fe1ad86c125 HTTP/1.1" 200 63
INFO 2021-06-22 17:22:54,968 autoreload 617 Watching for file changes with StatReloader
INFO 2021-06-22 17:23:00,338 basehttp 157 "GET / HTTP/1.1" 200 3638
INFO 2021-06-22 17:23:16,680 basehttp 157 "GET /register/ HTTP/1.1" 200 5319
INFO 2021-06-22 17:23:16,945 basehttp 157 "GET /imagecode/?uuid=61912fda-b8e7-4b0a-84b3-0ec40e0ecb23 HTTP/1.1" 200 3212
INFO 2021-06-22 17:23:29,245 basehttp 157 "GET /imagecode/?uuid=d18f6fc0-0136-4fa0-9f6e-f73d73bd6932 HTTP/1.1" 200 3286
INFO 2021-06-22 17:23:30,550 basehttp 157 "GET /imagecode/?uuid=094f6940-b49b-4e83-b616-fdb9aa2daff9 HTTP/1.1" 200 3267
INFO 2021-06-22 17:23:36,335 views 173 570404
INFO 2021-06-22 17:23:36,831 basehttp 157 "GET /smscode/?mobile=13138745825&image_code=pcou&uuid=094f6940-b49b-4e83-b616-fdb9aa2daff9 HTTP/1.1" 200 63
INFO 2021-06-22 17:23:51,761 basehttp 157 "POST /register/ HTTP/1.1" 302 0
ERROR 2021-06-22 17:23:51,765 basehttp 157 "POST /register/ HTTP/1.1" 500 59
ERROR 2021-06-22 17:23:51,935 views 67 (1062, "Duplicate entry '13138745825' for key 'tb_user.username'")
WARNING 2021-06-22 17:23:51,936 log 230 Bad Request: /register/
WARNING 2021-06-22 17:23:51,936 basehttp 157 "POST /register/ HTTP/1.1" 400 12
INFO 2021-06-22 17:24:46,418 autoreload 617 Watching for file changes with StatReloader
INFO 2021-06-22 17:24:54,662 basehttp 157 "GET / HTTP/1.1" 200 3638
INFO 2021-06-22 17:25:00,023 basehttp 157 "GET /register/ HTTP/1.1" 200 5319
INFO 2021-06-22 17:25:00,466 basehttp 157 "GET /imagecode/?uuid=5fe25e08-613b-4700-a579-bf2bf7f684e1 HTTP/1.1" 200 3235
INFO 2021-06-22 17:25:13,822 views 173 183486
INFO 2021-06-22 17:25:14,314 basehttp 157 "GET /smscode/?mobile=13138745825&image_code=piuq&uuid=5fe25e08-613b-4700-a579-bf2bf7f684e1 HTTP/1.1" 200 63
INFO 2021-06-22 17:26:27,724 basehttp 157 "GET /register/ HTTP/1.1" 200 5319
INFO 2021-06-22 17:26:28,181 basehttp 157 "GET /imagecode/?uuid=50a194aa-3ee7-49da-ad32-28f82204454d HTTP/1.1" 200 3341
INFO 2021-06-22 17:26:55,235 views 173 124260
INFO 2021-06-22 17:26:55,694 basehttp 157 "GET /smscode/?mobile=13138745825&image_code=pku6&uuid=50a194aa-3ee7-49da-ad32-28f82204454d HTTP/1.1" 200 63
ERROR 2021-06-22 17:27:04,730 views 67 (1062, "Duplicate entry '13138745825' for key 'tb_user.username'")
WARNING 2021-06-22 17:27:04,731 log 230 Bad Request: /register/
WARNING 2021-06-22 17:27:04,732 basehttp 157 "POST /register/ HTTP/1.1" 400 12
INFO 2021-06-22 17:30:50,644 basehttp 157 "GET / HTTP/1.1" 200 3638
INFO 2021-06-22 17:30:55,204 basehttp 157 "GET /register/ HTTP/1.1" 200 5319
INFO 2021-06-22 17:30:58,329 basehttp 157 "GET /imagecode/?uuid=2a6c1d70-9c72-4ff1-8533-8277286d4e36 HTTP/1.1" 200 3218
INFO 2021-06-22 17:31:13,672 views 173 978388
INFO 2021-06-22 17:31:14,112 basehttp 157 "GET /smscode/?mobile=13380802698&image_code=ngyh&uuid=2a6c1d70-9c72-4ff1-8533-8277286d4e36 HTTP/1.1" 200 63
INFO 2021-06-22 17:31:29,907 basehttp 157 "POST /register/ HTTP/1.1" 302 0
INFO 2021-06-22 17:31:29,940 basehttp 157 "GET / HTTP/1.1" 200 3638
INFO 2021-06-22 17:44:54,957 autoreload 617 Watching for file changes with StatReloader
INFO 2021-06-22 17:44:59,948 basehttp 157 "GET / HTTP/1.1" 200 3638
INFO 2021-06-22 17:45:03,292 basehttp 157 "GET /register/ HTTP/1.1" 200 5319
INFO 2021-06-22 17:45:05,070 basehttp 157 "GET /imagecode/?uuid=ddc7a700-2a5f-4066-8eec-b0a61af175c9 HTTP/1.1" 200 3401
INFO 2021-06-22 17:45:31,388 views 173 478239
INFO 2021-06-22 17:45:31,877 basehttp 157 "GET /smscode/?mobile=13380802698&image_code=u5eb&uuid=ddc7a700-2a5f-4066-8eec-b0a61af175c9 HTTP/1.1" 200 63
INFO 2021-06-22 17:46:32,966 basehttp 157 "POST /register/ HTTP/1.1" 302 0
INFO 2021-06-22 17:46:33,003 basehttp 157 "GET / HTTP/1.1" 200 3638
INFO 2021-06-22 19:30:05,489 autoreload 617 Watching for file changes with StatReloader
INFO 2021-06-22 19:30:10,014 basehttp 157 "GET / HTTP/1.1" 200 3638
INFO 2021-06-22 19:30:14,642 basehttp 157 "GET /login HTTP/1.1" 301 0
INFO 2021-06-22 19:30:14,663 basehttp 157 "GET /login/ HTTP/1.1" 200 3202
INFO 2021-06-22 19:30:14,732 basehttp 157 "GET /static/js/login.js HTTP/1.1" 200 677
WARNING 2021-06-22 19:31:45,514 log 230 Bad Request: /login/
WARNING 2021-06-22 19:31:45,517 basehttp 157 "POST /login/ HTTP/1.1" 400 24
INFO 2021-06-22 19:32:41,110 basehttp 157 "GET /login/ HTTP/1.1" 200 3202
WARNING 2021-06-22 19:32:46,468 log 230 Bad Request: /login/
WARNING 2021-06-22 19:32:46,470 basehttp 157 "POST /login/ HTTP/1.1" 400 21
WARNING 2021-06-22 19:32:52,755 log 230 Bad Request: /login/
WARNING 2021-06-22 19:32:52,756 basehttp 157 "POST /login/ HTTP/1.1" 400 21
INFO 2021-06-22 19:33:02,487 basehttp 157 "GET /register/ HTTP/1.1" 200 5319
INFO 2021-06-22 19:33:02,871 basehttp 157 "GET /imagecode/?uuid=f379b0c3-04b1-42f7-aa59-1f957402ed38 HTTP/1.1" 200 3377
INFO 2021-06-22 19:33:15,724 basehttp 157 "GET /imagecode/?uuid=1716b943-7f6e-4648-9f9b-256c83173a5d HTTP/1.1" 200 3253
INFO 2021-06-22 19:33:22,209 views 173 296975
INFO 2021-06-22 19:33:22,712 basehttp 157 "GET /smscode/?mobile=13380802698&image_code=r7ea&uuid=1716b943-7f6e-4648-9f9b-256c83173a5d HTTP/1.1" 200 63
ERROR 2021-06-22 19:33:33,956 views 67 (1062, "Duplicate entry '13380802698' for key 'tb_user.username'")
WARNING 2021-06-22 19:33:33,957 log 230 Bad Request: /register/
WARNING 2021-06-22 19:33:33,961 basehttp 157 "POST /register/ HTTP/1.1" 400 12
INFO 2021-06-22 19:34:02,970 basehttp 157 "GET /imagecode/?uuid=b4927efc-374c-46ab-93d4-f46204a53bfe HTTP/1.1" 200 3388
INFO 2021-06-22 19:34:25,501 views 173 145449
INFO 2021-06-22 19:34:26,003 basehttp 157 "GET /smscode/?mobile=13380802698&image_code=arwu&uuid=b4927efc-374c-46ab-93d4-f46204a53bfe HTTP/1.1" 200 63
ERROR 2021-06-22 19:34:40,202 views 67 (1062, "Duplicate entry '13380802698' for key 'tb_user.username'")
WARNING 2021-06-22 19:34:40,203 log 230 Bad Request: /register/
WARNING 2021-06-22 19:34:40,204 basehttp 157 "POST /register/ HTTP/1.1" 400 12
INFO 2021-06-22 19:35:56,108 autoreload 617 Watching for file changes with StatReloader
INFO 2021-06-22 19:35:59,097 basehttp 157 "GET /register/ HTTP/1.1" 200 5319
INFO 2021-06-22 19:35:59,389 basehttp 157 "GET /imagecode/?uuid=8f40fb41-fe1c-4dc1-9910-c79bf8c02057 HTTP/1.1" 200 3363
INFO 2021-06-22 19:36:22,686 views 173 392968
INFO 2021-06-22 19:36:23,207 basehttp 157 "GET /smscode/?mobile=13138745825&image_code=tpxm&uuid=8f40fb41-fe1c-4dc1-9910-c79bf8c02057 HTTP/1.1" 200 63
INFO 2021-06-22 19:36:33,563 basehttp 157 "POST /register/ HTTP/1.1" 302 0
INFO 2021-06-22 19:36:33,588 basehttp 157 "GET / HTTP/1.1" 200 3638
INFO 2021-06-22 19:36:43,978 basehttp 157 "GET /login/ HTTP/1.1" 200 3202
INFO 2021-06-22 19:37:05,226 basehttp 157 "POST /login/ HTTP/1.1" 302 0
INFO 2021-06-22 19:37:05,281 basehttp 157 "GET / HTTP/1.1" 200 3638
INFO 2021-06-22 19:53:46,087 autoreload 617 Watching for file changes with StatReloader
INFO 2021-06-22 19:53:50,734 basehttp 157 "GET / HTTP/1.1" 200 3653
INFO 2021-06-22 19:54:08,660 basehttp 157 "GET /logout/ HTTP/1.1" 302 0
INFO 2021-06-22 19:54:08,698 basehttp 157 "GET / HTTP/1.1" 200 3653
INFO 2021-06-22 19:54:14,570 basehttp 157 "GET / HTTP/1.1" 200 3653
INFO 2021-06-22 19:54:27,348 basehttp 157 "GET /logout/ HTTP/1.1" 302 0
INFO 2021-06-22 19:54:27,368 basehttp 157 "GET / HTTP/1.1" 200 3653
INFO 2021-06-22 19:54:48,649 basehttp 157 "GET /login/ HTTP/1.1" 200 3202
INFO 2021-06-22 19:54:59,826 basehttp 157 "POST /login/ HTTP/1.1" 302 0
INFO 2021-06-22 19:54:59,846 basehttp 157 "GET / HTTP/1.1" 200 3653
INFO 2021-06-22 19:55:44,006 basehttp 157 "GET /logout/ HTTP/1.1" 302 0
INFO 2021-06-22 19:55:44,026 basehttp 157 "GET / HTTP/1.1" 200 3653
INFO 2021-06-22 19:57:09,036 basehttp 157 "GET / HTTP/1.1" 200 3653
INFO 2021-06-22 19:58:07,645 basehttp 157 "GET /login/ HTTP/1.1" 200 3202
INFO 2021-06-22 19:58:20,464 basehttp 157 "POST /login/ HTTP/1.1" 302 0
INFO 2021-06-22 19:58:20,486 basehttp 157 "GET / HTTP/1.1" 200 3653
INFO 2021-06-22 19:58:34,391 basehttp 157 "GET /logout/ HTTP/1.1" 302 0
INFO 2021-06-22 19:58:34,424 basehttp 157 "GET / HTTP/1.1" 200 3653
INFO 2021-06-22 20:00:26,597 basehttp 157 "GET / HTTP/1.1" 200 3653
INFO 2021-06-22 20:02:36,819 basehttp 157 "GET / HTTP/1.1" 200 3653
INFO 2021-06-22 20:02:53,567 basehttp 157 "GET / HTTP/1.1" 200 3653
INFO 2021-06-22 20:05:33,797 autoreload 617 Watching for file changes with StatReloader
INFO 2021-06-22 20:05:43,496 basehttp 157 "GET /login/ HTTP/1.1" 200 3202
INFO 2021-06-22 20:05:55,015 basehttp 157 "POST /login/ HTTP/1.1" 302 0
INFO 2021-06-22 20:05:55,039 basehttp 157 "GET / HTTP/1.1" 200 3653
INFO 2021-06-22 20:06:30,600 basehttp 157 "GET /logout/ HTTP/1.1" 302 0
INFO 2021-06-22 20:06:30,657 basehttp 157 "GET / HTTP/1.1" 200 3653
INFO 2021-06-22 20:06:54,090 basehttp 157 "GET / HTTP/1.1" 200 3653
INFO 2021-06-22 20:07:40,327 autoreload 240 F:\GoogleDownLoad\project\django_blog\CooperBlog\users\views.py changed, reloading.
INFO 2021-06-22 20:07:58,709 autoreload 617 Watching for file changes with StatReloader
INFO 2021-06-22 20:08:25,556 autoreload 617 Watching for file changes with StatReloader
INFO 2021-06-22 20:08:28,263 basehttp 157 "GET /login/ HTTP/1.1" 200 3202
INFO 2021-06-22 20:08:28,734 basehttp 157 "GET /login/ HTTP/1.1" 200 3202
INFO 2021-06-22 20:08:37,204 basehttp 157 "POST /login/ HTTP/1.1" 302 0
INFO 2021-06-22 20:08:37,227 basehttp 157 "GET / HTTP/1.1" 200 3653
INFO 2021-06-22 20:08:44,297 basehttp 157 "GET /logout/ HTTP/1.1" 302 0
INFO 2021-06-22 20:08:44,803 basehttp 157 "GET / HTTP/1.1" 200 3653
INFO 2021-06-22 20:08:59,889 basehttp 157 "GET / HTTP/1.1" 200 3653
INFO 2021-06-22 20:09:06,634 basehttp 157 "GET / HTTP/1.1" 200 3653
INFO 2021-06-22 20:21:36,874 autoreload 617 Watching for file changes with StatReloader
INFO 2021-06-22 20:27:04,224 basehttp 157 "GET /login/ HTTP/1.1" 200 3202
INFO 2021-06-22 20:27:09,183 basehttp 157 "GET /forgetpassword/ HTTP/1.1" 200 5182
INFO 2021-06-22 20:27:09,293 basehttp 157 "GET /static/js/forget_password.js HTTP/1.1" 200 6567
INFO 2021-06-22 20:27:09,508 basehttp 157 "GET /imagecode/?uuid=db986080-266c-4286-aff4-902607d1e14e HTTP/1.1" 200 2874
INFO 2021-06-22 20:27:10,975 basehttp 157 "GET /imagecode/?uuid=8f222ea5-123f-4625-84f3-eeb3167e498d HTTP/1.1" 200 3541
INFO 2021-06-22 20:34:02,312 autoreload 617 Watching for file changes with StatReloader
INFO 2021-06-22 20:34:27,063 basehttp 157 "GET / HTTP/1.1" 200 3653
INFO 2021-06-22 20:34:33,526 basehttp 157 "GET /login/ HTTP/1.1" 200 3202
INFO 2021-06-22 20:34:37,793 basehttp 157 "GET /forgetpassword/ HTTP/1.1" 200 5324
INFO 2021-06-22 20:34:38,117 basehttp 157 "GET /imagecode/?uuid=0ba4a8f6-f54f-47c8-839d-fdecea9a0326 HTTP/1.1" 200 3273
INFO 2021-06-22 20:34:55,804 basehttp 157 "GET /smscode/?mobile=13380802698&image_code=pwrv&uuid=0ba4a8f6-f54f-47c8-839d-fdecea9a0326 HTTP/1.1" 200 72
INFO 2021-06-22 20:34:55,832 basehttp 157 "GET /imagecode/?uuid=30b3ec1a-cb56-4f05-bb8b-be7dae396652 HTTP/1.1" 200 3387
INFO 2021-06-22 20:35:07,294 views 173 754582
INFO 2021-06-22 20:35:07,754 basehttp 157 "GET /smscode/?mobile=13380802698&image_code=6cfu&uuid=30b3ec1a-cb56-4f05-bb8b-be7dae396652 HTTP/1.1" 200 63
INFO 2021-06-22 20:35:21,781 basehttp 157 "POST /forgetpassword/ HTTP/1.1" 302 0
INFO 2021-06-22 20:35:21,794 basehttp 157 "GET /login/ HTTP/1.1" 200 3202
INFO 2021-06-22 20:35:34,099 basehttp 157 "POST /login/ HTTP/1.1" 302 0
INFO 2021-06-22 20:35:34,113 basehttp 157 "GET / HTTP/1.1" 200 3653
INFO 2021-06-22 20:35:38,446 basehttp 157 "GET /logout/ HTTP/1.1" 302 0
INFO 2021-06-22 20:35:38,460 basehttp 157 "GET / HTTP/1.1" 200 3653
INFO 2021-06-22 21:23:26,985 autoreload 617 Watching for file changes with StatReloader
INFO 2021-06-22 21:23:36,336 basehttp 157 "GET / HTTP/1.1" 200 3661
INFO 2021-06-22 21:23:46,907 basehttp 157 "GET /login/ HTTP/1.1" 200 3202
INFO 2021-06-22 21:24:01,080 basehttp 157 "POST /login/ HTTP/1.1" 302 0
INFO 2021-06-22 21:24:01,097 basehttp 157 "GET / HTTP/1.1" 200 3661
INFO 2021-06-22 21:24:04,507 basehttp 157 "GET /center/ HTTP/1.1" 200 4300
INFO 2021-06-22 21:24:04,723 basehttp 157 "GET /static/js/center.js HTTP/1.1" 200 522
INFO 2021-06-22 21:24:04,827 basehttp 157 "GET /static/img/mei.png HTTP/1.1" 200 230847
INFO 2021-06-22 21:24:37,230 basehttp 157 "POST /center/ HTTP/1.1" 302 0
INFO 2021-06-22 21:24:37,253 basehttp 157 "GET /center/ HTTP/1.1" 200 4315
INFO 2021-06-22 21:24:37,315 basehttp 157 "GET /media/avatar/20210622/weixin.jpg HTTP/1.1" 200 31288
INFO 2021-06-22 21:24:47,158 basehttp 157 "GET /logout/ HTTP/1.1" 302 0
INFO 2021-06-22 21:24:47,176 basehttp 157 "GET / HTTP/1.1" 200 3661
INFO 2021-06-22 21:24:49,196 basehttp 157 "GET /center/ HTTP/1.1" 302 0
INFO 2021-06-22 21:24:49,203 basehttp 157 "GET /login/?next=/center/ HTTP/1.1" 200 3202
INFO 2021-06-22 23:21:46,919 autoreload 617 Watching for file changes with StatReloader
INFO 2021-06-22 23:21:52,144 basehttp 157 "GET / HTTP/1.1" 200 3672
INFO 2021-06-22 23:21:57,931 basehttp 157 "GET /admin HTTP/1.1" 301 0
INFO 2021-06-22 23:21:57,993 basehttp 157 "GET /admin/ HTTP/1.1" 302 0
INFO 2021-06-22 23:21:58,297 basehttp 157 "GET /admin/login/?next=/admin/ HTTP/1.1" 200 2188
INFO 2021-06-22 23:21:58,486 basehttp 157 "GET /static/admin/js/nav_sidebar.js HTTP/1.1" 200 1360
INFO 2021-06-22 23:21:58,531 basehttp 157 "GET /static/admin/css/login.css HTTP/1.1" 200 1185
INFO 2021-06-22 23:21:58,533 basehttp 157 "GET /static/admin/css/nav_sidebar.css HTTP/1.1" 200 2138
INFO 2021-06-22 23:21:58,559 basehttp 157 "GET /static/admin/css/responsive.css HTTP/1.1" 200 18339
INFO 2021-06-22 23:21:58,560 basehttp 157 "GET /static/admin/css/base.css HTTP/1.1" 200 16307
INFO 2021-06-22 23:21:58,717 basehttp 157 "GET /static/admin/css/fonts.css HTTP/1.1" 200 423
INFO 2021-06-22 23:21:59,707 basehttp 157 "GET /static/admin/fonts/Roboto-Light-webfont.woff HTTP/1.1" 200 85692
INFO 2021-06-22 23:21:59,710 basehttp 157 "GET /static/admin/fonts/Roboto-Regular-webfont.woff HTTP/1.1" 200 85876
INFO 2021-06-22 23:22:13,935 basehttp 157 "POST /admin/login/?next=/admin/ HTTP/1.1" 302 0
INFO 2021-06-22 23:22:14,377 basehttp 157 "GET /admin/ HTTP/1.1" 200 3538
INFO 2021-06-22 23:22:14,543 basehttp 157 "GET /static/admin/css/dashboard.css HTTP/1.1" 200 380
INFO 2021-06-22 23:22:14,821 basehttp 157 "GET /static/admin/img/icon-changelink.svg HTTP/1.1" 200 380
INFO 2021-06-22 23:22:14,822 basehttp 157 "GET /static/admin/img/icon-addlink.svg HTTP/1.1" 200 331
INFO 2021-06-22 23:22:15,254 basehttp 157 "GET /static/admin/fonts/Roboto-Bold-webfont.woff HTTP/1.1" 200 86184
INFO 2021-06-22 23:22:18,675 basehttp 157 "GET /admin/home/articlecategory/ HTTP/1.1" 200 4678
INFO 2021-06-22 23:22:18,861 basehttp 157 "GET /static/admin/js/jquery.init.js HTTP/1.1" 200 347
INFO 2021-06-22 23:22:18,953 basehttp 157 "GET /static/admin/js/core.js HTTP/1.1" 200 5418
INFO 2021-06-22 23:22:18,953 basehttp 157 "GET /static/admin/js/admin/RelatedObjectLookups.js HTTP/1.1" 200 6078
INFO 2021-06-22 23:22:18,972 basehttp 157 "GET /static/admin/js/urlify.js HTTP/1.1" 200 8632
INFO 2021-06-22 23:22:18,974 basehttp 157 "GET /admin/jsi18n/ HTTP/1.1" 200 7732
INFO 2021-06-22 23:22:18,976 basehttp 157 "GET /static/admin/js/actions.js HTTP/1.1" 200 6783
INFO 2021-06-22 23:22:18,977 basehttp 157 "GET /static/admin/css/changelists.css HTTP/1.1" 200 6281
INFO 2021-06-22 23:22:18,982 basehttp 157 "GET /static/admin/js/prepopulate.js HTTP/1.1" 200 1531
INFO 2021-06-22 23:22:19,073 basehttp 157 "GET /static/admin/js/vendor/jquery/jquery.js HTTP/1.1" 200 287630
INFO 2021-06-22 23:22:19,110 basehttp 157 "GET /static/admin/js/vendor/xregexp/xregexp.js HTTP/1.1" 200 232381
INFO 2021-06-22 23:22:19,284 basehttp 157 "GET /static/admin/img/tooltag-add.svg HTTP/1.1" 200 331
INFO 2021-06-22 23:22:21,043 basehttp 157 "GET /admin/home/articlecategory/add/ HTTP/1.1" 200 6318
INFO 2021-06-22 23:22:21,106 basehttp 157 "GET /static/admin/css/forms.css HTTP/1.1" 200 8423
INFO 2021-06-22 23:22:21,107 basehttp 157 "GET /static/admin/js/admin/DateTimeShortcuts.js HTTP/1.1" 200 19750
INFO 2021-06-22 23:22:21,118 basehttp 157 "GET /static/admin/js/prepopulate_init.js HTTP/1.1" 200 492
INFO 2021-06-22 23:22:21,133 basehttp 157 "GET /static/admin/js/calendar.js HTTP/1.1" 200 7788
INFO 2021-06-22 23:22:21,148 basehttp 157 "GET /admin/jsi18n/ HTTP/1.1" 200 7732
INFO 2021-06-22 23:22:21,196 basehttp 157 "GET /static/admin/css/widgets.css HTTP/1.1" 200 10592
INFO 2021-06-22 23:22:21,279 basehttp 157 "GET /static/admin/js/change_form.js HTTP/1.1" 200 606
INFO 2021-06-22 23:22:21,957 basehttp 157 "GET /static/admin/img/icon-calendar.svg HTTP/1.1" 200 1086
INFO 2021-06-22 23:22:21,958 basehttp 157 "GET /static/admin/img/icon-clock.svg HTTP/1.1" 200 677
INFO 2021-06-22 23:22:43,224 basehttp 157 "POST /admin/home/articlecategory/add/ HTTP/1.1" 302 0
INFO 2021-06-22 23:22:43,367 basehttp 157 "GET /admin/home/articlecategory/ HTTP/1.1" 200 6082
INFO 2021-06-22 23:22:43,450 basehttp 157 "GET /admin/jsi18n/ HTTP/1.1" 200 7732
INFO 2021-06-22 23:22:43,493 basehttp 157 "GET /static/admin/img/icon-yes.svg HTTP/1.1" 200 436
INFO 2021-06-22 23:22:47,160 basehttp 157 "GET /admin/home/articlecategory/add/ HTTP/1.1" 200 6318
INFO 2021-06-22 23:22:47,300 basehttp 157 "GET /admin/jsi18n/ HTTP/1.1" 200 7732
INFO 2021-06-22 23:22:55,584 basehttp 157 "POST /admin/home/articlecategory/add/ HTTP/1.1" 302 0
INFO 2021-06-22 23:22:55,838 basehttp 157 "GET /admin/home/articlecategory/ HTTP/1.1" 200 6278
INFO 2021-06-22 23:22:55,945 basehttp 157 "GET /admin/jsi18n/ HTTP/1.1" 200 7732
INFO 2021-06-22 23:22:57,855 basehttp 157 "GET /admin/home/articlecategory/add/ HTTP/1.1" 200 6318
INFO 2021-06-22 23:22:57,990 basehttp 157 "GET /admin/jsi18n/ HTTP/1.1" 200 7732
INFO 2021-06-22 23:23:02,318 basehttp 157 "POST /admin/home/articlecategory/add/ HTTP/1.1" 302 0
INFO 2021-06-22 23:23:02,427 basehttp 157 "GET /admin/home/articlecategory/ HTTP/1.1" 200 6490
INFO 2021-06-22 23:23:02,504 basehttp 157 "GET /admin/jsi18n/ HTTP/1.1" 200 7732
INFO 2021-06-22 23:23:05,303 basehttp 157 "GET /admin/home/articlecategory/add/ HTTP/1.1" 200 6318
INFO 2021-06-22 23:23:05,407 basehttp 157 "GET /admin/jsi18n/ HTTP/1.1" 200 7732
INFO 2021-06-22 23:23:09,360 basehttp 157 "POST /admin/home/articlecategory/add/ HTTP/1.1" 302 0
INFO 2021-06-22 23:23:09,482 basehttp 157 "GET /admin/home/articlecategory/ HTTP/1.1" 200 6700
INFO 2021-06-22 23:23:09,577 basehttp 157 "GET /admin/jsi18n/ HTTP/1.1" 200 7732
INFO 2021-06-22 23:26:56,308 basehttp 157 "GET /writeblog HTTP/1.1" 301 0
INFO 2021-06-22 23:26:56,375 basehttp 157 "GET /writeblog/ HTTP/1.1" 200 5853
INFO 2021-06-22 23:26:56,468 basehttp 157 "GET /static/ckeditor/ckeditor-init.js HTTP/1.1" 200 2039
INFO 2021-06-22 23:26:56,484 basehttp 157 "GET /static/js/write_blog.js HTTP/1.1" 200 521
INFO 2021-06-22 23:26:56,805 basehttp 157 "GET /static/ckeditor/ckeditor/ckeditor.js HTTP/1.1" 200 690627
INFO 2021-06-22 23:26:58,488 basehttp 157 "GET /static/ckeditor/ckeditor/config.js?t=I3I8 HTTP/1.1" 200 338
INFO 2021-06-22 23:26:58,665 basehttp 157 "GET /static/ckeditor/ckeditor/skins/moono-lisa/editor.css?t=I3I8 HTTP/1.1" 200 46921
INFO 2021-06-22 23:26:58,668 basehttp 157 "GET /static/ckeditor/ckeditor/lang/zh-cn.js?t=I3I8 HTTP/1.1" 200 18818
INFO 2021-06-22 23:26:58,707 basehttp 157 "GET /static/ckeditor/ckeditor/styles.js?t=I3I8 HTTP/1.1" 200 5583
INFO 2021-06-22 23:26:58,728 basehttp 157 "GET /static/ckeditor/ckeditor/plugins/scayt/skins/moono-lisa/scayt.css HTTP/1.1" 200 381
INFO 2021-06-22 23:26:58,736 basehttp 157 "GET /static/ckeditor/ckeditor/plugins/scayt/dialogs/dialog.css HTTP/1.1" 200 419
INFO 2021-06-22 23:26:58,773 basehttp 157 "GET /static/ckeditor/ckeditor/plugins/tableselection/styles/tableselection.css HTTP/1.1" 200 1082
INFO 2021-06-22 23:26:58,813 basehttp 157 "GET /static/ckeditor/ckeditor/plugins/wsc/skins/moono-lisa/wsc.css HTTP/1.1" 200 1306
INFO 2021-06-22 23:26:58,817 basehttp 157 "GET /static/ckeditor/ckeditor/plugins/copyformatting/styles/copyformatting.css HTTP/1.1" 200 1513
INFO 2021-06-22 23:26:58,966 basehttp 157 "GET /static/ckeditor/ckeditor/skins/moono-lisa/icons.png?t=95e5d83 HTTP/1.1" 200 12421
INFO 2021-06-22 23:26:58,997 basehttp 157 "GET /static/ckeditor/ckeditor/contents.css?t=I3I8 HTTP/1.1" 200 2954
INFO 2021-06-22 23:28:43,870 basehttp 157 "GET /static/ckeditor/ckeditor/plugins/templates/dialogs/templates.js?t=I3I8 HTTP/1.1" 200 3218
INFO 2021-06-22 23:28:43,912 basehttp 157 "GET /static/ckeditor/ckeditor/skins/moono-lisa/dialog.css?t=I3I8 HTTP/1.1" 200 13570
INFO 2021-06-22 23:28:43,957 basehttp 157 "GET /static/ckeditor/ckeditor/plugins/templates/dialogs/templates.css?t=I3I8 HTTP/1.1" 200 1590
INFO 2021-06-22 23:28:43,970 basehttp 157 "GET /static/ckeditor/ckeditor/skins/moono-lisa/images/close.png HTTP/1.1" 200 615
INFO 2021-06-22 23:28:44,133 basehttp 157 "GET /static/ckeditor/ckeditor/plugins/templates/templates/default.js?t=I3I8 HTTP/1.1" 200 1963
INFO 2021-06-22 23:28:44,170 basehttp 157 "GET /static/ckeditor/ckeditor/plugins/templates/templates/images/template1.gif?t=I3I8 HTTP/1.1" 200 539
INFO 2021-06-22 23:28:44,184 basehttp 157 "GET /static/ckeditor/ckeditor/plugins/templates/templates/images/template2.gif?t=I3I8 HTTP/1.1" 200 497
INFO 2021-06-22 23:28:44,185 basehttp 157 "GET /static/ckeditor/ckeditor/plugins/templates/templates/images/template3.gif?t=I3I8 HTTP/1.1" 200 557
INFO 2021-06-22 23:50:04,173 basehttp 157 "GET /static/ckeditor/ckeditor/plugins/magicline/images/icon.png?t=I3I8 HTTP/1.1" 200 133
INFO 2021-06-22 23:53:45,405 basehttp 157 "GET /static/ckeditor/ckeditor/plugins/showblocks/images/block_h2.png?t=I3I8 HTTP/1.1" 200 127
INFO 2021-06-22 23:53:45,416 basehttp 157 "GET /static/ckeditor/ckeditor/plugins/showblocks/images/block_h4.png?t=I3I8 HTTP/1.1" 200 123
INFO 2021-06-22 23:53:45,449 basehttp 157 "GET /static/ckeditor/ckeditor/plugins/showblocks/images/block_p.png?t=I3I8 HTTP/1.1" 200 115
INFO 2021-06-22 23:54:29,413 basehttp 157 "POST /writeblog/ HTTP/1.1" 302 0
INFO 2021-06-22 23:54:29,449 basehttp 157 "GET / HTTP/1.1" 200 3672
INFO 2021-06-22 23:54:38,384 basehttp 157 "GET / HTTP/1.1" 200 3672
INFO 2021-06-22 23:54:40,004 basehttp 157 "GET / HTTP/1.1" 200 3672
INFO 2021-06-22 23:55:13,304 basehttp 157 "GET /admin/home/articlecategory/ HTTP/1.1" 200 6501
INFO 2021-06-22 23:55:13,395 basehttp 157 "GET /admin/jsi18n/ HTTP/1.1" 200 7732
INFO 2021-06-22 23:55:16,015 basehttp 157 "GET /admin/home/articlecategory/1/change/ HTTP/1.1" 200 6563
INFO 2021-06-22 23:55:16,116 basehttp 157 "GET /admin/jsi18n/ HTTP/1.1" 200 7732
INFO 2021-06-22 23:55:18,383 basehttp 157 "GET /admin/home/articlecategory/ HTTP/1.1" 200 6501
INFO 2021-06-23 00:02:45,261 autoreload 240 F:\GoogleDownLoad\project\django_blog\CooperBlog\home\views.py changed, reloading.
INFO 2021-06-23 00:02:51,871 autoreload 617 Watching for file changes with StatReloader
ERROR 2021-06-23 00:17:50,674 log 230 Internal Server Error: /
Traceback (most recent call last):
  File "E:\extra app\anoconda\lib\site-packages\django\core\handlers\exception.py", line 47, in inner
    response = get_response(request)
  File "E:\extra app\anoconda\lib\site-packages\django\core\handlers\base.py", line 181, in _get_response
    response = wrapped_callback(request, *callback_args, **callback_kwargs)
  File "E:\extra app\anoconda\lib\site-packages\django\views\generic\base.py", line 70, in view
    return self.dispatch(request, *args, **kwargs)
  File "E:\extra app\anoconda\lib\site-packages\django\views\generic\base.py", line 98, in dispatch
    return handler(request, *args, **kwargs)
  File "F:\GoogleDownLoad\project\django_blog\CooperBlog\home\views.py", line 55, in get
    return render(request,'index.html',context=context)
  File "E:\extra app\anoconda\lib\site-packages\django\shortcuts.py", line 19, in render
    content = loader.render_to_string(template_name, context, request, using=using)
  File "E:\extra app\anoconda\lib\site-packages\django\template\loader.py", line 62, in render_to_string
    return template.render(context, request)
  File "E:\extra app\anoconda\lib\site-packages\django\template\backends\django.py", line 61, in render
    return self.template.render(context)
  File "E:\extra app\anoconda\lib\site-packages\django\template\base.py", line 170, in render
    return self._render(context)
  File "E:\extra app\anoconda\lib\site-packages\django\template\base.py", line 162, in _render
    return self.nodelist.render(context)
  File "E:\extra app\anoconda\lib\site-packages\django\template\base.py", line 938, in render
    bit = node.render_annotated(context)
  File "E:\extra app\anoconda\lib\site-packages\django\template\base.py", line 905, in render_annotated
    return self.render(context)
  File "E:\extra app\anoconda\lib\site-packages\django\template\defaulttags.py", line 211, in render
    nodelist.append(node.render_annotated(context))
  File "E:\extra app\anoconda\lib\site-packages\django\template\base.py", line 905, in render_annotated
    return self.render(context)
  File "E:\extra app\anoconda\lib\site-packages\django\template\defaulttags.py", line 446, in render
    url = reverse(view_name, args=args, kwargs=kwargs, current_app=current_app)
  File "E:\extra app\anoconda\lib\site-packages\django\urls\base.py", line 87, in reverse
    return iri_to_uri(resolver._reverse_with_prefix(view, prefix, *args, **kwargs))
  File "E:\extra app\anoconda\lib\site-packages\django\urls\resolvers.py", line 685, in _reverse_with_prefix
    raise NoReverseMatch(msg)
django.urls.exceptions.NoReverseMatch: Reverse for 'detail' not found. 'detail' is not a valid view function or pattern name.
ERROR 2021-06-23 00:17:50,687 basehttp 157 "GET / HTTP/1.1" 500 156637
INFO 2021-06-23 00:19:19,266 autoreload 240 F:\GoogleDownLoad\project\django_blog\CooperBlog\home\views.py changed, reloading.
INFO 2021-06-23 00:19:27,846 autoreload 617 Watching for file changes with StatReloader
INFO 2021-06-23 00:19:35,863 basehttp 157 "GET / HTTP/1.1" 200 3672
INFO 2021-06-23 00:28:39,273 autoreload 240 F:\GoogleDownLoad\project\django_blog\CooperBlog\home\views.py changed, reloading.
INFO 2021-06-23 00:28:43,941 autoreload 617 Watching for file changes with StatReloader
ERROR 2021-06-23 00:28:48,538 log 230 Internal Server Error: /
Traceback (most recent call last):
  File "E:\extra app\anoconda\lib\site-packages\django\core\handlers\exception.py", line 47, in inner
    response = get_response(request)
  File "E:\extra app\anoconda\lib\site-packages\django\core\handlers\base.py", line 181, in _get_response
    response = wrapped_callback(request, *callback_args, **callback_kwargs)
  File "E:\extra app\anoconda\lib\site-packages\django\views\generic\base.py", line 70, in view
    return self.dispatch(request, *args, **kwargs)
  File "E:\extra app\anoconda\lib\site-packages\django\views\generic\base.py", line 98, in dispatch
    return handler(request, *args, **kwargs)
  File "F:\GoogleDownLoad\project\django_blog\CooperBlog\home\views.py", line 55, in get
    return render(request,'index.html',context=context)
  File "E:\extra app\anoconda\lib\site-packages\django\shortcuts.py", line 19, in render
    content = loader.render_to_string(template_name, context, request, using=using)
  File "E:\extra app\anoconda\lib\site-packages\django\template\loader.py", line 62, in render_to_string
    return template.render(context, request)
  File "E:\extra app\anoconda\lib\site-packages\django\template\backends\django.py", line 61, in render
    return self.template.render(context)
  File "E:\extra app\anoconda\lib\site-packages\django\template\base.py", line 170, in render
    return self._render(context)
  File "E:\extra app\anoconda\lib\site-packages\django\template\base.py", line 162, in _render
    return self.nodelist.render(context)
  File "E:\extra app\anoconda\lib\site-packages\django\template\base.py", line 938, in render
    bit = node.render_annotated(context)
  File "E:\extra app\anoconda\lib\site-packages\django\template\base.py", line 905, in render_annotated
    return self.render(context)
  File "E:\extra app\anoconda\lib\site-packages\django\template\defaulttags.py", line 211, in render
    nodelist.append(node.render_annotated(context))
  File "E:\extra app\anoconda\lib\site-packages\django\template\base.py", line 905, in render_annotated
    return self.render(context)
  File "E:\extra app\anoconda\lib\site-packages\django\template\defaulttags.py", line 446, in render
    url = reverse(view_name, args=args, kwargs=kwargs, current_app=current_app)
  File "E:\extra app\anoconda\lib\site-packages\django\urls\base.py", line 87, in reverse
    return iri_to_uri(resolver._reverse_with_prefix(view, prefix, *args, **kwargs))
  File "E:\extra app\anoconda\lib\site-packages\django\urls\resolvers.py", line 685, in _reverse_with_prefix
    raise NoReverseMatch(msg)
django.urls.exceptions.NoReverseMatch: Reverse for 'detail' not found. 'detail' is not a valid view function or pattern name.
ERROR 2021-06-23 00:28:48,551 basehttp 157 "GET / HTTP/1.1" 500 156486
INFO 2021-06-23 00:30:10,583 autoreload 240 F:\GoogleDownLoad\project\django_blog\CooperBlog\home\views.py changed, reloading.
INFO 2021-06-23 00:30:15,925 autoreload 617 Watching for file changes with StatReloader
ERROR 2021-06-23 00:30:20,170 log 230 Internal Server Error: /
Traceback (most recent call last):
  File "E:\extra app\anoconda\lib\site-packages\django\core\handlers\exception.py", line 47, in inner
    response = get_response(request)
  File "E:\extra app\anoconda\lib\site-packages\django\core\handlers\base.py", line 181, in _get_response
    response = wrapped_callback(request, *callback_args, **callback_kwargs)
  File "E:\extra app\anoconda\lib\site-packages\django\views\generic\base.py", line 70, in view
    return self.dispatch(request, *args, **kwargs)
  File "E:\extra app\anoconda\lib\site-packages\django\views\generic\base.py", line 98, in dispatch
    return handler(request, *args, **kwargs)
  File "F:\GoogleDownLoad\project\django_blog\CooperBlog\home\views.py", line 55, in get
    return render(request,'index.html',context=context)
  File "E:\extra app\anoconda\lib\site-packages\django\shortcuts.py", line 19, in render
    content = loader.render_to_string(template_name, context, request, using=using)
  File "E:\extra app\anoconda\lib\site-packages\django\template\loader.py", line 62, in render_to_string
    return template.render(context, request)
  File "E:\extra app\anoconda\lib\site-packages\django\template\backends\django.py", line 61, in render
    return self.template.render(context)
  File "E:\extra app\anoconda\lib\site-packages\django\template\base.py", line 170, in render
    return self._render(context)
  File "E:\extra app\anoconda\lib\site-packages\django\template\base.py", line 162, in _render
    return self.nodelist.render(context)
  File "E:\extra app\anoconda\lib\site-packages\django\template\base.py", line 938, in render
    bit = node.render_annotated(context)
  File "E:\extra app\anoconda\lib\site-packages\django\template\base.py", line 905, in render_annotated
    return self.render(context)
  File "E:\extra app\anoconda\lib\site-packages\django\template\defaulttags.py", line 211, in render
    nodelist.append(node.render_annotated(context))
  File "E:\extra app\anoconda\lib\site-packages\django\template\base.py", line 905, in render_annotated
    return self.render(context)
  File "E:\extra app\anoconda\lib\site-packages\django\template\defaulttags.py", line 446, in render
    url = reverse(view_name, args=args, kwargs=kwargs, current_app=current_app)
  File "E:\extra app\anoconda\lib\site-packages\django\urls\base.py", line 87, in reverse
    return iri_to_uri(resolver._reverse_with_prefix(view, prefix, *args, **kwargs))
  File "E:\extra app\anoconda\lib\site-packages\django\urls\resolvers.py", line 685, in _reverse_with_prefix
    raise NoReverseMatch(msg)
django.urls.exceptions.NoReverseMatch: Reverse for 'detail' not found. 'detail' is not a valid view function or pattern name.
ERROR 2021-06-23 00:30:20,183 basehttp 157 "GET / HTTP/1.1" 500 157418
ERROR 2021-06-23 00:30:26,885 log 230 Internal Server Error: /
Traceback (most recent call last):
  File "E:\extra app\anoconda\lib\site-packages\django\core\handlers\exception.py", line 47, in inner
    response = get_response(request)
  File "E:\extra app\anoconda\lib\site-packages\django\core\handlers\base.py", line 181, in _get_response
    response = wrapped_callback(request, *callback_args, **callback_kwargs)
  File "E:\extra app\anoconda\lib\site-packages\django\views\generic\base.py", line 70, in view
    return self.dispatch(request, *args, **kwargs)
  File "E:\extra app\anoconda\lib\site-packages\django\views\generic\base.py", line 98, in dispatch
    return handler(request, *args, **kwargs)
  File "F:\GoogleDownLoad\project\django_blog\CooperBlog\home\views.py", line 55, in get
    return render(request,'index.html',context=context)
  File "E:\extra app\anoconda\lib\site-packages\django\shortcuts.py", line 19, in render
    content = loader.render_to_string(template_name, context, request, using=using)
  File "E:\extra app\anoconda\lib\site-packages\django\template\loader.py", line 62, in render_to_string
    return template.render(context, request)
  File "E:\extra app\anoconda\lib\site-packages\django\template\backends\django.py", line 61, in render
    return self.template.render(context)
  File "E:\extra app\anoconda\lib\site-packages\django\template\base.py", line 170, in render
    return self._render(context)
  File "E:\extra app\anoconda\lib\site-packages\django\template\base.py", line 162, in _render
    return self.nodelist.render(context)
  File "E:\extra app\anoconda\lib\site-packages\django\template\base.py", line 938, in render
    bit = node.render_annotated(context)
  File "E:\extra app\anoconda\lib\site-packages\django\template\base.py", line 905, in render_annotated
    return self.render(context)
  File "E:\extra app\anoconda\lib\site-packages\django\template\defaulttags.py", line 211, in render
    nodelist.append(node.render_annotated(context))
  File "E:\extra app\anoconda\lib\site-packages\django\template\base.py", line 905, in render_annotated
    return self.render(context)
  File "E:\extra app\anoconda\lib\site-packages\django\template\defaulttags.py", line 446, in render
    url = reverse(view_name, args=args, kwargs=kwargs, current_app=current_app)
  File "E:\extra app\anoconda\lib\site-packages\django\urls\base.py", line 87, in reverse
    return iri_to_uri(resolver._reverse_with_prefix(view, prefix, *args, **kwargs))
  File "E:\extra app\anoconda\lib\site-packages\django\urls\resolvers.py", line 685, in _reverse_with_prefix
    raise NoReverseMatch(msg)
django.urls.exceptions.NoReverseMatch: Reverse for 'detail' not found. 'detail' is not a valid view function or pattern name.
ERROR 2021-06-23 00:30:26,894 basehttp 157 "GET / HTTP/1.1" 500 157418
INFO 2021-06-23 00:31:51,660 autoreload 240 F:\GoogleDownLoad\project\django_blog\CooperBlog\home\urls.py changed, reloading.
INFO 2021-06-23 00:31:55,979 autoreload 617 Watching for file changes with StatReloader
INFO 2021-06-23 00:31:59,057 basehttp 157 "GET / HTTP/1.1" 200 6115
INFO 2021-06-23 00:31:59,224 basehttp 157 "GET /media/article/20210622/u34545647933682549556fm26gp0.jpg HTTP/1.1" 200 15344
INFO 2021-06-23 00:32:03,505 basehttp 157 "GET /?cat_id=2 HTTP/1.1" 200 4614
INFO 2021-06-23 00:32:04,844 basehttp 157 "GET /?cat_id=1 HTTP/1.1" 200 6115
INFO 2021-06-23 00:32:06,444 basehttp 157 "GET /?cat_id=3 HTTP/1.1" 200 4614
INFO 2021-06-23 00:32:07,120 basehttp 157 "GET /?cat_id=4 HTTP/1.1" 200 4614
INFO 2021-06-23 00:32:08,063 basehttp 157 "GET /?cat_id=1 HTTP/1.1" 200 6115
INFO 2021-06-23 00:32:09,739 basehttp 157 "GET /?id=1 HTTP/1.1" 200 6115
INFO 2021-06-23 00:32:11,711 basehttp 157 "GET /?id=1 HTTP/1.1" 200 6115
INFO 2021-06-23 01:02:27,794 autoreload 617 Watching for file changes with StatReloader
INFO 2021-06-23 01:02:30,888 basehttp 157 "GET / HTTP/1.1" 200 6122
INFO 2021-06-23 01:02:31,175 basehttp 157 "GET /media/article/20210622/u34545647933682549556fm26gp0.jpg HTTP/1.1" 304 0
INFO 2021-06-23 01:02:36,538 basehttp 157 "GET /detail/?id=1 HTTP/1.1" 200 8296
INFO 2021-06-23 01:02:36,888 basehttp 157 "GET /static/js/detail.js HTTP/1.1" 200 1294
INFO 2021-06-23 01:02:36,897 basehttp 157 "GET /static/ckeditor/ckeditor/plugins/prism/lib/prism/prism_patched.min.js HTTP/1.1" 200 99487
INFO 2021-06-23 01:02:36,907 basehttp 157 "GET /static/prism/prism.css HTTP/1.1" 200 4033
INFO 2021-06-23 01:02:37,941 basehttp 157 "GET /static/ckeditor/ckeditor/lang/en.js?t=I3I8 HTTP/1.1" 200 19035
INFO 2021-06-23 01:02:37,981 basehttp 157 "GET /static/ckeditor/ckeditor/plugins/prism/plugin.js?t=I3I8 HTTP/1.1" 200 4333
INFO 2021-06-23 01:02:37,990 basehttp 157 "GET /static/ckeditor/ckeditor/plugins/codesnippet/plugin.js?t=I3I8 HTTP/1.1" 200 3824
INFO 2021-06-23 01:02:38,035 basehttp 157 "GET /static/ckeditor/ckeditor/plugins/codesnippet/lang/en.js?t=I3I8 HTTP/1.1" 200 369
INFO 2021-06-23 01:02:38,160 basehttp 157 "GET /static/ckeditor/ckeditor/plugins/codesnippet/icons/codesnippet.png?t=I3I8 HTTP/1.1" 200 597
INFO 2021-06-23 01:02:38,221 basehttp 157 "GET /static/ckeditor/ckeditor/plugins/prism/lib/prism/prism_patched.min.css HTTP/1.1" 200 2063
INFO 2021-06-23 01:02:43,684 basehttp 157 "GET /static/ckeditor/ckeditor/plugins/smiley/dialogs/smiley.js?t=I3I8 HTTP/1.1" 200 3463
INFO 2021-06-23 01:02:43,724 basehttp 157 "GET /static/ckeditor/ckeditor/plugins/smiley/images/regular_smile.png HTTP/1.1" 200 1084
INFO 2021-06-23 01:02:43,744 basehttp 157 "GET /static/ckeditor/ckeditor/plugins/smiley/images/sad_smile.png HTTP/1.1" 200 1115
INFO 2021-06-23 01:02:43,753 basehttp 157 "GET /static/ckeditor/ckeditor/plugins/smiley/images/wink_smile.png HTTP/1.1" 200 1114
INFO 2021-06-23 01:02:43,769 basehttp 157 "GET /static/ckeditor/ckeditor/plugins/smiley/images/teeth_smile.png HTTP/1.1" 200 1183
INFO 2021-06-23 01:02:43,782 basehttp 157 "GET /static/ckeditor/ckeditor/plugins/smiley/images/confused_smile.png HTTP/1.1" 200 1101
INFO 2021-06-23 01:02:43,796 basehttp 157 "GET /static/ckeditor/ckeditor/plugins/smiley/images/tongue_smile.png HTTP/1.1" 200 1132
INFO 2021-06-23 01:02:43,818 basehttp 157 "GET /static/ckeditor/ckeditor/plugins/smiley/images/angry_smile.png HTTP/1.1" 200 1220
INFO 2021-06-23 01:02:43,831 basehttp 157 "GET /static/ckeditor/ckeditor/plugins/smiley/images/angel_smile.png HTTP/1.1" 200 1172
INFO 2021-06-23 01:02:43,835 basehttp 157 "GET /static/ckeditor/ckeditor/plugins/smiley/images/kiss.png HTTP/1.1" 200 1003
INFO 2021-06-23 01:02:43,847 basehttp 157 "GET /static/ckeditor/ckeditor/plugins/smiley/images/heart.png HTTP/1.1" 200 999
INFO 2021-06-23 01:02:43,852 basehttp 157 "GET /static/ckeditor/ckeditor/plugins/smiley/images/lightbulb.png HTTP/1.1" 200 919
INFO 2021-06-23 01:02:43,855 basehttp 157 "GET /static/ckeditor/ckeditor/plugins/smiley/images/broken_heart.png HTTP/1.1" 200 1139
INFO 2021-06-23 01:02:43,883 basehttp 157 "GET /static/ckeditor/ckeditor/plugins/smiley/images/thumbs_up.png HTTP/1.1" 200 959
INFO 2021-06-23 01:02:43,888 basehttp 157 "GET /static/ckeditor/ckeditor/plugins/smiley/images/envelope.png HTTP/1.1" 200 760
INFO 2021-06-23 01:02:43,888 basehttp 157 "GET /static/ckeditor/ckeditor/plugins/smiley/images/shades_smile.png HTTP/1.1" 200 1204
INFO 2021-06-23 01:02:43,910 basehttp 157 "GET /static/ckeditor/ckeditor/plugins/smiley/images/embarrassed_smile.png HTTP/1.1" 200 1145
INFO 2021-06-23 01:02:43,945 basehttp 157 "GET /static/ckeditor/ckeditor/plugins/smiley/images/thumbs_down.png HTTP/1.1" 200 985
INFO 2021-06-23 01:02:43,960 basehttp 157 "GET /static/ckeditor/ckeditor/plugins/smiley/images/cry_smile.png HTTP/1.1" 200 1214
INFO 2021-06-23 01:02:43,961 basehttp 157 "GET /static/ckeditor/ckeditor/plugins/smiley/images/devil_smile.png HTTP/1.1" 200 1220
INFO 2021-06-23 01:02:43,983 basehttp 157 "GET /static/ckeditor/ckeditor/plugins/smiley/images/omg_smile.png HTTP/1.1" 200 1122
INFO 2021-06-23 01:02:43,983 basehttp 157 "GET /static/ckeditor/ckeditor/plugins/smiley/images/whatchutalkingabout_smile.png HTTP/1.1" 200 1039
INFO 2021-06-23 01:02:47,131 basehttp 157 "POST /detail/?id=1 HTTP/1.1" 302 0
INFO 2021-06-23 01:02:47,958 basehttp 157 "GET /detail/?id=1 HTTP/1.1" 200 8888
INFO 2021-06-23 01:02:53,862 basehttp 157 "GET /login/ HTTP/1.1" 200 3202
WARNING 2021-06-23 01:03:13,702 log 230 Bad Request: /login/
WARNING 2021-06-23 01:03:13,704 basehttp 157 "POST /login/ HTTP/1.1" 400 24
INFO 2021-06-23 01:03:26,754 basehttp 157 "POST /login/ HTTP/1.1" 302 0
INFO 2021-06-23 01:03:26,821 basehttp 157 "GET / HTTP/1.1" 200 6122
INFO 2021-06-23 01:03:30,473 basehttp 157 "GET /detail/?id=1 HTTP/1.1" 200 8888
INFO 2021-06-23 01:03:40,868 basehttp 157 "GET /detail/?cat_id=2 HTTP/1.1" 200 1140
INFO 2021-06-23 01:03:40,998 basehttp 157 "GET /static/img/404.png HTTP/1.1" 200 107422
INFO 2021-06-23 01:03:48,655 basehttp 157 "GET /detail/?cat_id=3 HTTP/1.1" 200 1140
INFO 2021-06-23 01:03:53,486 basehttp 157 "GET /detail/?cat_id=4 HTTP/1.1" 200 1140
INFO 2021-06-23 01:04:11,385 basehttp 157 "GET /writeblog/ HTTP/1.1" 200 5853
INFO 2021-06-23 01:07:26,181 basehttp 157 "GET /static/ckeditor/ckeditor/plugins/image/dialogs/image.js?t=I3I8 HTTP/1.1" 200 21390
INFO 2021-06-23 01:07:26,301 basehttp 157 "GET /static/ckeditor/ckeditor/skins/moono-lisa/images/lock.png HTTP/1.1" 200 506
INFO 2021-06-23 01:07:26,341 basehttp 157 "GET /static/ckeditor/ckeditor/skins/moono-lisa/images/refresh.png HTTP/1.1" 200 757
INFO 2021-06-23 01:08:31,205 basehttp 157 "POST /writeblog/ HTTP/1.1" 302 0
INFO 2021-06-23 01:08:31,252 basehttp 157 "GET / HTTP/1.1" 200 6122
INFO 2021-06-23 01:08:33,601 basehttp 157 "GET /?cat_id=2 HTTP/1.1" 200 6098
INFO 2021-06-23 01:08:33,693 basehttp 157 "GET /media/article/20210623/u19823371234243935450fm11gp0.jpg HTTP/1.1" 200 27685
INFO 2021-06-23 01:08:36,054 basehttp 157 "GET /?cat_id=1 HTTP/1.1" 200 6122
INFO 2021-06-23 01:08:37,648 basehttp 157 "GET /?cat_id=2 HTTP/1.1" 200 6098
INFO 2021-06-23 01:08:37,700 basehttp 157 "GET /media/article/20210623/u19823371234243935450fm11gp0.jpg HTTP/1.1" 304 0
INFO 2021-06-23 01:08:43,768 basehttp 157 "GET /writeblog/ HTTP/1.1" 200 5853
WARNING 2021-06-23 01:10:42,973 log 230 Bad Request: /writeblog/
WARNING 2021-06-23 01:10:42,975 basehttp 157 "POST /writeblog/ HTTP/1.1" 400 12
INFO 2021-06-23 01:11:00,451 basehttp 157 "POST /writeblog/ HTTP/1.1" 302 0
INFO 2021-06-23 01:11:00,499 basehttp 157 "GET / HTTP/1.1" 200 6122
INFO 2021-06-23 01:11:00,646 basehttp 157 "GET /media/article/20210622/u34545647933682549556fm26gp0.jpg HTTP/1.1" 304 0
INFO 2021-06-23 01:11:02,062 basehttp 157 "GET /?cat_id=3 HTTP/1.1" 200 6106
INFO 2021-06-23 01:11:02,159 basehttp 157 "GET /media/article/20210623/u2103337002833061746fm26gp0.jpg HTTP/1.1" 200 28640
INFO 2021-06-23 01:11:03,630 basehttp 157 "GET /?cat_id=2 HTTP/1.1" 200 6098
INFO 2021-06-23 01:11:03,712 basehttp 157 "GET /media/article/20210623/u19823371234243935450fm11gp0.jpg HTTP/1.1" 304 0
INFO 2021-06-23 01:11:04,489 basehttp 157 "GET / HTTP/1.1" 200 6122
INFO 2021-06-23 01:11:05,998 basehttp 157 "GET / HTTP/1.1" 200 6122
INFO 2021-06-23 01:11:06,728 basehttp 157 "GET / HTTP/1.1" 200 6122
INFO 2021-06-23 01:11:10,230 basehttp 157 "GET / HTTP/1.1" 200 6122
INFO 2021-06-23 01:11:11,007 basehttp 157 "GET /?cat_id=2 HTTP/1.1" 200 6098
INFO 2021-06-23 01:11:12,158 basehttp 157 "GET /?cat_id=1 HTTP/1.1" 200 6122
INFO 2021-06-23 01:11:12,957 basehttp 157 "GET / HTTP/1.1" 200 6122
INFO 2021-06-23 01:11:13,979 basehttp 157 "GET /?cat_id=3 HTTP/1.1" 200 6106
INFO 2021-06-23 01:11:14,029 basehttp 157 "GET /media/article/20210623/u2103337002833061746fm26gp0.jpg HTTP/1.1" 304 0
INFO 2021-06-23 01:11:14,556 basehttp 157 "GET /?cat_id=4 HTTP/1.1" 200 4614
INFO 2021-06-23 01:11:15,894 basehttp 157 "GET /?cat_id=3 HTTP/1.1" 200 6106
INFO 2021-06-23 01:11:15,943 basehttp 157 "GET /media/article/20210623/u2103337002833061746fm26gp0.jpg HTTP/1.1" 304 0
INFO 2021-06-23 01:11:16,475 basehttp 157 "GET /?cat_id=4 HTTP/1.1" 200 4614
INFO 2021-06-23 01:11:17,482 basehttp 157 "GET /?cat_id=2 HTTP/1.1" 200 6098
INFO 2021-06-23 01:11:18,295 basehttp 157 "GET /?cat_id=1 HTTP/1.1" 200 6122
INFO 2021-06-23 01:11:18,967 basehttp 157 "GET /?cat_id=2 HTTP/1.1" 200 6098
INFO 2021-06-23 01:11:19,049 basehttp 157 "GET /media/article/20210623/u19823371234243935450fm11gp0.jpg HTTP/1.1" 304 0
INFO 2021-06-23 01:11:19,409 basehttp 157 "GET /?cat_id=3 HTTP/1.1" 200 6106
INFO 2021-06-23 01:11:19,464 basehttp 157 "GET /media/article/20210623/u2103337002833061746fm26gp0.jpg HTTP/1.1" 304 0
INFO 2021-06-23 01:11:19,900 basehttp 157 "GET /?cat_id=4 HTTP/1.1" 200 4614
INFO 2021-06-23 01:11:20,797 basehttp 157 "GET / HTTP/1.1" 200 6122
INFO 2021-06-23 01:11:21,788 basehttp 157 "GET /?cat_id=1 HTTP/1.1" 200 6122
INFO 2021-06-23 01:11:23,037 basehttp 157 "GET /?cat_id=2 HTTP/1.1" 200 6098
INFO 2021-06-23 01:11:23,726 basehttp 157 "GET /?cat_id=3 HTTP/1.1" 200 6106
INFO 2021-06-23 01:11:23,783 basehttp 157 "GET /media/article/20210623/u2103337002833061746fm26gp0.jpg HTTP/1.1" 304 0
INFO 2021-06-23 01:11:24,180 basehttp 157 "GET /?cat_id=4 HTTP/1.1" 200 4614
INFO 2021-06-23 01:11:26,937 basehttp 157 "GET /center/ HTTP/1.1" 200 4315
INFO 2021-06-23 01:11:26,983 basehttp 157 "GET /media/avatar/20210622/weixin.jpg HTTP/1.1" 304 0
WARNING 2021-06-23 01:11:31,231 log 230 Not Found: /center/write_blog.html
WARNING 2021-06-23 01:11:31,232 basehttp 157 "GET /center/write_blog.html HTTP/1.1" 404 3849
WARNING 2021-06-23 01:11:52,112 log 230 Not Found: /center/write_blog.html
WARNING 2021-06-23 01:11:52,117 basehttp 157 "GET /center/write_blog.html HTTP/1.1" 404 3849
INFO 2021-06-23 01:11:59,158 basehttp 157 "GET /?cat_id=3 HTTP/1.1" 200 6106
INFO 2021-06-23 01:11:59,240 basehttp 157 "GET /media/article/20210623/u2103337002833061746fm26gp0.jpg HTTP/1.1" 304 0
INFO 2021-06-23 01:12:01,599 basehttp 157 "GET /writeblog/ HTTP/1.1" 200 5853
INFO 2021-06-23 01:12:05,358 basehttp 157 "GET /?cat_id=4 HTTP/1.1" 200 4614
INFO 2021-06-23 01:12:06,030 basehttp 157 "GET /?cat_id=3 HTTP/1.1" 200 6106
INFO 2021-06-23 01:12:06,102 basehttp 157 "GET /media/article/20210623/u2103337002833061746fm26gp0.jpg HTTP/1.1" 304 0
INFO 2021-06-23 01:12:09,228 basehttp 157 "GET /?cat_id=4 HTTP/1.1" 200 4614
INFO 2021-06-23 01:12:11,326 basehttp 157 "GET /?cat_id=3 HTTP/1.1" 200 6106
INFO 2021-06-23 01:12:13,279 basehttp 157 "GET /writeblog/ HTTP/1.1" 200 5853
INFO 2021-06-23 01:14:28,892 basehttp 157 "POST /writeblog/ HTTP/1.1" 302 0
INFO 2021-06-23 01:14:28,928 basehttp 157 "GET / HTTP/1.1" 200 6122
INFO 2021-06-23 01:14:30,513 basehttp 157 "GET /?cat_id=4 HTTP/1.1" 200 6072
INFO 2021-06-23 01:14:30,614 basehttp 157 "GET /media/article/20210623/001.jpg HTTP/1.1" 200 7168
INFO 2021-06-23 01:14:33,944 basehttp 157 "GET /writeblog/ HTTP/1.1" 200 5853
INFO 2021-06-23 01:14:35,597 basehttp 157 "GET / HTTP/1.1" 200 6122
INFO 2021-06-23 01:14:37,010 basehttp 157 "GET /?cat_id=2 HTTP/1.1" 200 6098
INFO 2021-06-23 01:14:37,064 basehttp 157 "GET /media/article/20210623/u19823371234243935450fm11gp0.jpg HTTP/1.1" 304 0
INFO 2021-06-23 01:14:37,666 basehttp 157 "GET /?cat_id=3 HTTP/1.1" 200 6106
INFO 2021-06-23 01:14:37,752 basehttp 157 "GET /media/article/20210623/u2103337002833061746fm26gp0.jpg HTTP/1.1" 304 0
INFO 2021-06-23 01:14:38,268 basehttp 157 "GET /?cat_id=4 HTTP/1.1" 200 6072
INFO 2021-06-23 01:14:38,316 basehttp 157 "GET /media/article/20210623/001.jpg HTTP/1.1" 304 0
INFO 2021-06-23 01:14:40,821 basehttp 157 "GET /center/ HTTP/1.1" 200 4315
INFO 2021-06-23 01:14:45,691 basehttp 157 "GET /logout/ HTTP/1.1" 302 0
INFO 2021-06-23 01:14:45,748 basehttp 157 "GET / HTTP/1.1" 200 6122
INFO 2021-06-23 01:14:51,639 basehttp 157 "GET /?cat_id=2 HTTP/1.1" 200 6098
INFO 2021-06-23 01:14:53,046 basehttp 157 "GET /detail/?id=2 HTTP/1.1" 200 7504
INFO 2021-06-23 01:14:58,581 basehttp 157 "POST /detail/?id=2 HTTP/1.1" 302 0
INFO 2021-06-23 01:14:58,596 basehttp 157 "GET /login/ HTTP/1.1" 200 3202
WARNING 2021-06-23 01:15:02,286 log 230 Not Found: /login/index.html
WARNING 2021-06-23 01:15:02,291 basehttp 157 "GET /login/index.html HTTP/1.1" 404 3831
WARNING 2021-06-23 01:15:24,866 basehttp 157 "GET /static/js/axios.min.map HTTP/1.1" 404 1674
INFO 2021-06-23 01:15:25,061 basehttp 157 "GET /static/bootstrap/css/bootstrap.min.css.map HTTP/1.1" 200 562427
WARNING 2021-06-23 01:15:43,880 log 230 Bad Request: /login/
WARNING 2021-06-23 01:15:43,881 basehttp 157 "POST /login/ HTTP/1.1" 400 24
WARNING 2021-06-23 01:15:45,593 basehttp 157 "GET /static/js/axios.min.map HTTP/1.1" 404 1674
INFO 2021-06-23 01:15:45,678 basehttp 157 "GET /static/bootstrap/css/bootstrap.min.css.map HTTP/1.1" 200 562427
WARNING 2021-06-23 01:15:49,743 log 230 Not Found: /login/index.html
WARNING 2021-06-23 01:15:49,744 basehttp 157 "GET /login/index.html HTTP/1.1" 404 3831
WARNING 2021-06-23 01:15:51,067 basehttp 157 "GET /static/js/axios.min.map HTTP/1.1" 404 1674
INFO 2021-06-23 01:15:51,147 basehttp 157 "GET /static/bootstrap/css/bootstrap.min.css.map HTTP/1.1" 200 562427
WARNING 2021-06-23 01:15:56,365 log 230 Not Found: /login/index.html
WARNING 2021-06-23 01:15:56,366 basehttp 157 "GET /login/index.html HTTP/1.1" 404 3831
WARNING 2021-06-23 01:15:57,935 basehttp 157 "GET /static/js/axios.min.map HTTP/1.1" 404 1674
INFO 2021-06-23 01:15:58,078 basehttp 157 "GET /static/bootstrap/css/bootstrap.min.css.map HTTP/1.1" 200 562427
INFO 2021-06-23 01:16:54,121 basehttp 157 "GET /login/ HTTP/1.1" 200 3193
WARNING 2021-06-23 01:16:54,278 basehttp 157 "GET /static/js/axios.min.map HTTP/1.1" 404 1674
INFO 2021-06-23 01:16:54,355 basehttp 157 "GET /static/bootstrap/css/bootstrap.min.css.map HTTP/1.1" 200 562427
INFO 2021-06-23 01:16:55,926 basehttp 157 "GET / HTTP/1.1" 200 6122
WARNING 2021-06-23 01:16:56,270 basehttp 157 "GET /static/js/axios.min.map HTTP/1.1" 404 1674
INFO 2021-06-23 01:16:56,449 basehttp 157 "GET /static/bootstrap/css/bootstrap.min.css.map HTTP/1.1" 200 562427
INFO 2021-06-23 01:17:01,090 basehttp 157 "GET /?cat_id=2 HTTP/1.1" 200 6098
INFO 2021-06-23 01:17:01,292 basehttp 157 "GET /media/article/20210623/u19823371234243935450fm11gp0.jpg HTTP/1.1" 304 0
WARNING 2021-06-23 01:17:01,388 basehttp 157 "GET /static/js/axios.min.map HTTP/1.1" 404 1674
INFO 2021-06-23 01:17:01,603 basehttp 157 "GET /static/bootstrap/css/bootstrap.min.css.map HTTP/1.1" 200 562427
INFO 2021-06-23 01:17:03,076 basehttp 157 "GET /detail/?id=2 HTTP/1.1" 200 7504
INFO 2021-06-23 01:17:03,555 basehttp 157 "GET /static/bootstrap/css/bootstrap.min.css.map HTTP/1.1" 200 562427
WARNING 2021-06-23 01:17:03,923 basehttp 157 "GET /static/js/axios.min.map HTTP/1.1" 404 1674
INFO 2021-06-23 01:17:11,129 basehttp 157 "POST /detail/?id=2 HTTP/1.1" 302 0
INFO 2021-06-23 01:17:11,153 basehttp 157 "GET /login/ HTTP/1.1" 200 3193
WARNING 2021-06-23 01:17:11,383 basehttp 157 "GET /static/js/axios.min.map HTTP/1.1" 404 1674
INFO 2021-06-23 01:17:11,794 basehttp 157 "GET /static/bootstrap/css/bootstrap.min.css.map HTTP/1.1" 200 562427
WARNING 2021-06-23 01:17:14,404 log 230 Bad Request: /login/
WARNING 2021-06-23 01:17:14,407 basehttp 157 "POST /login/ HTTP/1.1" 400 24
WARNING 2021-06-23 01:17:15,718 basehttp 157 "GET /static/js/axios.min.map HTTP/1.1" 404 1674
INFO 2021-06-23 01:17:15,802 basehttp 157 "GET /static/bootstrap/css/bootstrap.min.css.map HTTP/1.1" 200 562427
INFO 2021-06-23 01:17:46,083 basehttp 157 "GET / HTTP/1.1" 200 6122
INFO 2021-06-23 01:17:47,667 basehttp 157 "GET /?cat_id=4 HTTP/1.1" 200 6072
INFO 2021-06-23 01:17:47,734 basehttp 157 "GET /media/article/20210623/001.jpg HTTP/1.1" 304 0
INFO 2021-06-23 01:17:48,416 basehttp 157 "GET /?cat_id=3 HTTP/1.1" 200 6106
INFO 2021-06-23 01:17:48,479 basehttp 157 "GET /media/article/20210623/u2103337002833061746fm26gp0.jpg HTTP/1.1" 304 0
INFO 2021-06-23 01:17:48,946 basehttp 157 "GET /?cat_id=3 HTTP/1.1" 200 6106
INFO 2021-06-23 01:17:49,345 basehttp 157 "GET /?cat_id=2 HTTP/1.1" 200 6098
INFO 2021-06-23 01:17:50,028 basehttp 157 "GET /?cat_id=1 HTTP/1.1" 200 6122
INFO 2021-06-23 01:17:53,233 basehttp 157 "GET /writeblog/ HTTP/1.1" 302 0
INFO 2021-06-23 01:17:53,244 basehttp 157 "GET /login/?next=/writeblog/ HTTP/1.1" 200 3193
INFO 2021-06-23 01:17:57,052 basehttp 157 "GET /center/ HTTP/1.1" 302 0
INFO 2021-06-23 01:17:57,061 basehttp 157 "GET /login/?next=/center/ HTTP/1.1" 200 3193
INFO 2021-06-23 01:18:03,063 basehttp 157 "GET /logout/ HTTP/1.1" 302 0
INFO 2021-06-23 01:18:03,120 basehttp 157 "GET / HTTP/1.1" 200 6122
INFO 2021-06-23 01:18:06,534 basehttp 157 "GET /center/ HTTP/1.1" 302 0
INFO 2021-06-23 01:18:06,544 basehttp 157 "GET /login/?next=/center/ HTTP/1.1" 200 3193
INFO 2021-06-23 01:18:09,440 basehttp 157 "GET /register/ HTTP/1.1" 200 5319
INFO 2021-06-23 01:18:10,117 basehttp 157 "GET /imagecode/?uuid=d3a2013c-e61d-4c79-8538-ffa7d30c9a3a HTTP/1.1" 200 3054
WARNING 2021-06-23 01:18:13,041 log 230 Not Found: /register/login.html
WARNING 2021-06-23 01:18:13,042 basehttp 157 "GET /register/login.html HTTP/1.1" 404 3840
INFO 2021-06-23 01:18:15,053 basehttp 157 "GET /imagecode/?uuid=034dbc34-1a70-4dc4-a08d-c5417d3468ab HTTP/1.1" 200 3572
WARNING 2021-06-23 01:18:20,237 log 230 Not Found: /register/index.html
WARNING 2021-06-23 01:18:20,238 basehttp 157 "GET /register/index.html HTTP/1.1" 404 3840
INFO 2021-06-23 01:18:21,378 basehttp 157 "GET /imagecode/?uuid=7ba25dff-4fd2-4a3c-a326-7e2824c75888 HTTP/1.1" 200 3020
INFO 2021-06-23 01:19:32,535 basehttp 157 "GET /register/ HTTP/1.1" 200 5307
INFO 2021-06-23 01:19:32,722 basehttp 157 "GET /imagecode/?uuid=a3e0c944-b656-4c07-a565-5ab8ed017c90 HTTP/1.1" 200 2976
INFO 2021-06-23 01:19:33,786 basehttp 157 "GET /login/ HTTP/1.1" 200 3193
INFO 2021-06-23 01:19:37,033 basehttp 157 "GET /imagecode/?uuid=571097ca-9263-4f18-be20-afc4a3d22c0e HTTP/1.1" 200 3359
INFO 2021-06-23 01:19:37,986 basehttp 157 "GET / HTTP/1.1" 200 6122
INFO 2021-06-23 01:19:38,098 basehttp 157 "GET /media/article/20210622/u34545647933682549556fm26gp0.jpg HTTP/1.1" 304 0
INFO 2021-06-23 01:19:39,077 basehttp 157 "GET /imagecode/?uuid=6f4e007d-b18f-4eeb-904c-aa552c53413a HTTP/1.1" 200 3303
INFO 2021-06-23 01:19:41,428 basehttp 157 "GET /login/ HTTP/1.1" 200 3193
INFO 2021-06-23 01:19:43,191 basehttp 157 "GET /imagecode/?uuid=be45215c-431e-445a-aca8-b6fe9a5b1fe2 HTTP/1.1" 200 3135
INFO 2021-06-23 01:19:54,227 basehttp 157 "GET /imagecode/?uuid=4bddec84-d2da-4c8a-a697-45b40cb9126c HTTP/1.1" 200 3288
INFO 2021-06-23 01:21:47,175 basehttp 157 "GET / HTTP/1.1" 200 6122
INFO 2021-06-23 01:21:51,935 basehttp 157 "GET /logout/ HTTP/1.1" 302 0
INFO 2021-06-23 01:21:51,972 basehttp 157 "GET / HTTP/1.1" 200 6122
INFO 2021-06-23 01:21:53,710 basehttp 157 "GET /?cat_id=2 HTTP/1.1" 200 6098
INFO 2021-06-23 01:21:54,044 basehttp 157 "GET /media/article/20210623/u19823371234243935450fm11gp0.jpg HTTP/1.1" 304 0
INFO 2021-06-23 01:21:54,532 basehttp 157 "GET /?cat_id=3 HTTP/1.1" 200 6106
INFO 2021-06-23 01:21:54,596 basehttp 157 "GET /media/article/20210623/u2103337002833061746fm26gp0.jpg HTTP/1.1" 304 0
INFO 2021-06-23 01:21:55,378 basehttp 157 "GET /?cat_id=4 HTTP/1.1" 200 6072
INFO 2021-06-23 01:21:55,438 basehttp 157 "GET /media/article/20210623/001.jpg HTTP/1.1" 304 0
INFO 2021-06-23 01:21:56,395 basehttp 157 "GET /?cat_id=1 HTTP/1.1" 200 6122
INFO 2021-06-23 01:22:01,795 basehttp 157 "GET /detail/?id=1 HTTP/1.1" 200 9263
INFO 2021-06-23 01:22:11,198 basehttp 157 "GET /detail/?id=1 HTTP/1.1" 200 9263
INFO 2021-06-23 01:22:12,900 basehttp 157 "GET /detail/?id=2 HTTP/1.1" 200 7504
INFO 2021-06-23 01:22:16,085 basehttp 157 "GET /detail/?id=1 HTTP/1.1" 200 9263
INFO 2021-06-23 01:22:21,821 basehttp 157 "GET /login/ HTTP/1.1" 200 3193
WARNING 2021-06-23 01:22:23,950 log 230 Bad Request: /login/
WARNING 2021-06-23 01:22:23,951 basehttp 157 "POST /login/ HTTP/1.1" 400 24
INFO 2021-06-23 01:22:31,725 basehttp 157 "GET / HTTP/1.1" 200 6122
